#
# There is insufficient memory for the Java Runtime Environment to continue.
# Native memory allocation (malloc) failed to allocate 501776 bytes for Chunk::new
# Possible reasons:
#   The system is out of physical RAM or swap space
#   The process is running with CompressedOops enabled, and the Java Heap may be blocking the growth of the native heap
# Possible solutions:
#   Reduce memory load on the system
#   Increase physical memory or swap space
#   Check if swap backing store is full
#   Decrease Java heap size (-Xmx/-Xms)
#   Decrease number of Java threads
#   Decrease Java thread stack sizes (-Xss)
#   Set larger code cache with -XX:ReservedCodeCacheSize=
#   JVM is running with Unscaled Compressed Oops mode in which the Java heap is
#     placed in the first 4GB address space. The Java Heap base address is the
#     maximum limit for the native heap growth. Please use -XX:HeapBaseMinAddress
#     to set the Java Heap base and to place the Java Heap above 4GB virtual address.
# This output file may be truncated or incomplete.
#
#  Out of Memory Error (allocation.cpp:389), pid=16056, tid=0x0000000000000dc8
#
# JRE version: Java(TM) SE Runtime Environment (8.0_291-b10) (build 1.8.0_291-b10)
# Java VM: Java HotSpot(TM) 64-Bit Server VM (25.291-b10 mixed mode windows-amd64 compressed oops)
# Failed to write core dump. Minidumps are not enabled by default on client versions of Windows
#

---------------  T H R E A D  ---------------

Current thread (0x00000145ce4e6000):  JavaThread "C2 CompilerThread1" daemon [_thread_in_native, id=3528, stack(0x00000021ae000000,0x00000021ae100000)]

Stack: [0x00000021ae000000,0x00000021ae100000]
Native frames: (J=compiled Java code, j=interpreted, Vv=VM code, C=native code)
V  [jvm.dll+0x32ea19]


Current CompileTask:
C2:  14389 4933   !   4       java.util.jar.Attributes::read (380 bytes)


---------------  P R O C E S S  ---------------

Java Threads: ( => current thread )
  0x00000145d4714800 JavaThread "Memory manager" [_thread_blocked, id=8116, stack(0x00000021b6300000,0x00000021b6400000)]
  0x00000145d4712000 JavaThread "jar transforms Thread 92" [_thread_blocked, id=9360, stack(0x00000021b6200000,0x00000021b6300000)]
  0x00000145d1890000 JavaThread "jar transforms Thread 91" [_thread_blocked, id=17656, stack(0x00000021b6100000,0x00000021b6200000)]
  0x00000145d188f000 JavaThread "jar transforms Thread 90" [_thread_blocked, id=18236, stack(0x00000021b6000000,0x00000021b6100000)]
  0x00000145d188e800 JavaThread "jar transforms Thread 89" [_thread_blocked, id=17844, stack(0x00000021b5f00000,0x00000021b6000000)]
  0x00000145d188d000 JavaThread "jar transforms Thread 88" [_thread_blocked, id=16104, stack(0x00000021b5e00000,0x00000021b5f00000)]
  0x00000145d188d800 JavaThread "jar transforms Thread 87" [_thread_blocked, id=10128, stack(0x00000021b5d00000,0x00000021b5e00000)]
  0x00000145d188c000 JavaThread "jar transforms Thread 86" [_thread_blocked, id=14536, stack(0x00000021b5c00000,0x00000021b5d00000)]
  0x00000145d188b800 JavaThread "jar transforms Thread 85" [_thread_blocked, id=17824, stack(0x00000021b5b00000,0x00000021b5c00000)]
  0x00000145d188a800 JavaThread "jar transforms Thread 84" [_thread_blocked, id=12744, stack(0x00000021b5a00000,0x00000021b5b00000)]
  0x00000145d1883000 JavaThread "jar transforms Thread 83" [_thread_blocked, id=1040, stack(0x00000021b5900000,0x00000021b5a00000)]
  0x00000145d188a000 JavaThread "jar transforms Thread 82" [_thread_blocked, id=16320, stack(0x00000021b5800000,0x00000021b5900000)]
  0x00000145d1889000 JavaThread "jar transforms Thread 81" [_thread_blocked, id=14084, stack(0x00000021b5700000,0x00000021b5800000)]
  0x00000145d1884000 JavaThread "jar transforms Thread 80" [_thread_blocked, id=5884, stack(0x00000021b5600000,0x00000021b5700000)]
  0x00000145d1881800 JavaThread "jar transforms Thread 79" [_thread_blocked, id=17736, stack(0x00000021b5500000,0x00000021b5600000)]
  0x00000145d1884800 JavaThread "jar transforms Thread 78" [_thread_blocked, id=18224, stack(0x00000021b5400000,0x00000021b5500000)]
  0x00000145d1887000 JavaThread "jar transforms Thread 77" [_thread_blocked, id=16424, stack(0x00000021b5300000,0x00000021b5400000)]
  0x00000145d1888800 JavaThread "jar transforms Thread 76" [_thread_blocked, id=9912, stack(0x00000021b5200000,0x00000021b5300000)]
  0x00000145d1885800 JavaThread "jar transforms Thread 75" [_thread_blocked, id=1880, stack(0x00000021b5100000,0x00000021b5200000)]
  0x00000145d1881000 JavaThread "jar transforms Thread 74" [_thread_blocked, id=17896, stack(0x00000021b5000000,0x00000021b5100000)]
  0x00000145d1886000 JavaThread "jar transforms Thread 73" [_thread_blocked, id=8736, stack(0x00000021b4f00000,0x00000021b5000000)]
  0x00000145d1882800 JavaThread "jar transforms Thread 72" [_thread_blocked, id=9400, stack(0x00000021b4e00000,0x00000021b4f00000)]
  0x00000145d1887800 JavaThread "jar transforms Thread 71" [_thread_blocked, id=15800, stack(0x00000021b4d00000,0x00000021b4e00000)]
  0x00000145d3430800 JavaThread "jar transforms Thread 70" [_thread_blocked, id=13576, stack(0x00000021b4c00000,0x00000021b4d00000)]
  0x00000145d342d800 JavaThread "jar transforms Thread 69" [_thread_blocked, id=17748, stack(0x00000021b4b00000,0x00000021b4c00000)]
  0x00000145d3430000 JavaThread "jar transforms Thread 68" [_thread_blocked, id=3812, stack(0x00000021b4a00000,0x00000021b4b00000)]
  0x00000145d342d000 JavaThread "jar transforms Thread 67" [_thread_blocked, id=14320, stack(0x00000021b4900000,0x00000021b4a00000)]
  0x00000145d342e800 JavaThread "jar transforms Thread 66" [_thread_blocked, id=12364, stack(0x00000021b4800000,0x00000021b4900000)]
  0x00000145d342f000 JavaThread "jar transforms Thread 65" [_thread_blocked, id=16680, stack(0x00000021b4700000,0x00000021b4800000)]
  0x00000145d3425800 JavaThread "jar transforms Thread 64" [_thread_blocked, id=6792, stack(0x00000021b4600000,0x00000021b4700000)]
  0x00000145d342c000 JavaThread "jar transforms Thread 63" [_thread_blocked, id=16156, stack(0x00000021b4500000,0x00000021b4600000)]
  0x00000145d342b800 JavaThread "jar transforms Thread 62" [_thread_blocked, id=7564, stack(0x00000021b4400000,0x00000021b4500000)]
  0x00000145d342a800 JavaThread "jar transforms Thread 61" [_thread_blocked, id=15200, stack(0x00000021b4300000,0x00000021b4400000)]
  0x00000145d3424000 JavaThread "jar transforms Thread 60" [_thread_blocked, id=17332, stack(0x00000021b4200000,0x00000021b4300000)]
  0x00000145d3423000 JavaThread "jar transforms Thread 59" [_thread_blocked, id=10548, stack(0x00000021b4100000,0x00000021b4200000)]
  0x00000145d342a000 JavaThread "jar transforms Thread 58" [_thread_blocked, id=6380, stack(0x00000021b4000000,0x00000021b4100000)]
  0x00000145d3429000 JavaThread "jar transforms Thread 57" [_thread_blocked, id=1268, stack(0x00000021b3f00000,0x00000021b4000000)]
  0x00000145d3422800 JavaThread "jar transforms Thread 56" [_thread_blocked, id=2080, stack(0x00000021b3e00000,0x00000021b3f00000)]
  0x00000145d3427000 JavaThread "jar transforms Thread 55" [_thread_blocked, id=13892, stack(0x00000021b3d00000,0x00000021b3e00000)]
  0x00000145d3421800 JavaThread "jar transforms Thread 54" [_thread_blocked, id=3920, stack(0x00000021b3c00000,0x00000021b3d00000)]
  0x00000145d3428800 JavaThread "jar transforms Thread 53" [_thread_blocked, id=15376, stack(0x00000021b3b00000,0x00000021b3c00000)]
  0x00000145d3427800 JavaThread "jar transforms Thread 52" [_thread_blocked, id=1316, stack(0x00000021b3a00000,0x00000021b3b00000)]
  0x00000145d3426000 JavaThread "jar transforms Thread 51" [_thread_blocked, id=1060, stack(0x00000021b3900000,0x00000021b3a00000)]
  0x00000145d3424800 JavaThread "jar transforms Thread 50" [_thread_blocked, id=12488, stack(0x00000021b3800000,0x00000021b3900000)]
  0x00000145d6f16800 JavaThread "jar transforms Thread 49" [_thread_blocked, id=9516, stack(0x00000021b3700000,0x00000021b3800000)]
  0x00000145d6f15000 JavaThread "jar transforms Thread 48" [_thread_blocked, id=16444, stack(0x00000021b3600000,0x00000021b3700000)]
  0x00000145d6f13800 JavaThread "jar transforms Thread 47" [_thread_blocked, id=15176, stack(0x00000021b3500000,0x00000021b3600000)]
  0x00000145d6f12800 JavaThread "jar transforms Thread 46" [_thread_blocked, id=17080, stack(0x00000021b3400000,0x00000021b3500000)]
  0x00000145d6f15800 JavaThread "jar transforms Thread 45" [_thread_blocked, id=17980, stack(0x00000021b3300000,0x00000021b3400000)]
  0x00000145d6f10800 JavaThread "jar transforms Thread 44" [_thread_blocked, id=18056, stack(0x00000021b3200000,0x00000021b3300000)]
  0x00000145d6f17000 JavaThread "jar transforms Thread 43" [_thread_blocked, id=17876, stack(0x00000021b3100000,0x00000021b3200000)]
  0x00000145d6f14000 JavaThread "jar transforms Thread 42" [_thread_blocked, id=15692, stack(0x00000021b3000000,0x00000021b3100000)]
  0x00000145d6f12000 JavaThread "jar transforms Thread 41" [_thread_blocked, id=15724, stack(0x00000021b2f00000,0x00000021b3000000)]
  0x00000145d6f11000 JavaThread "jar transforms Thread 40" [_thread_blocked, id=9640, stack(0x00000021b2e00000,0x00000021b2f00000)]
  0x00000145d6f08800 JavaThread "jar transforms Thread 39" [_thread_blocked, id=15756, stack(0x00000021b2d00000,0x00000021b2e00000)]
  0x00000145d6f0f800 JavaThread "jar transforms Thread 38" [_thread_blocked, id=15836, stack(0x00000021b2c00000,0x00000021b2d00000)]
  0x00000145d6f0f000 JavaThread "jar transforms Thread 37" [_thread_blocked, id=15760, stack(0x00000021b2b00000,0x00000021b2c00000)]
  0x00000145d6f08000 JavaThread "jar transforms Thread 36" [_thread_blocked, id=17244, stack(0x00000021b2a00000,0x00000021b2b00000)]
  0x00000145d6f0e000 JavaThread "jar transforms Thread 35" [_thread_blocked, id=2792, stack(0x00000021b2900000,0x00000021b2a00000)]
  0x00000145d6f0c800 JavaThread "jar transforms Thread 34" [_thread_blocked, id=16812, stack(0x00000021b2800000,0x00000021b2900000)]
  0x00000145d6f0d000 JavaThread "jar transforms Thread 33" [_thread_blocked, id=1364, stack(0x00000021b2700000,0x00000021b2800000)]
  0x00000145d6f0b800 JavaThread "jar transforms Thread 32" [_thread_blocked, id=16172, stack(0x00000021b2600000,0x00000021b2700000)]
  0x00000145d6f0b000 JavaThread "jar transforms Thread 31" [_thread_blocked, id=18196, stack(0x00000021b2500000,0x00000021b2600000)]
  0x00000145d6f0a000 JavaThread "jar transforms Thread 30" [_thread_blocked, id=16272, stack(0x00000021b2400000,0x00000021b2500000)]
  0x00000145d6f09800 JavaThread "jar transforms Thread 29" [_thread_blocked, id=16832, stack(0x00000021b2300000,0x00000021b2400000)]
  0x00000145d0c2c800 JavaThread "jar transforms Thread 28" [_thread_blocked, id=10852, stack(0x00000021b2200000,0x00000021b2300000)]
  0x00000145d0c2a000 JavaThread "jar transforms Thread 27" [_thread_blocked, id=17064, stack(0x00000021b2100000,0x00000021b2200000)]
  0x00000145d0c28800 JavaThread "jar transforms Thread 26" [_thread_blocked, id=15984, stack(0x00000021b2000000,0x00000021b2100000)]
  0x00000145d0c29800 JavaThread "jar transforms Thread 25" [_thread_blocked, id=10688, stack(0x00000021b1f00000,0x00000021b2000000)]
  0x00000145d0c28000 JavaThread "jar transforms Thread 24" [_thread_blocked, id=12644, stack(0x00000021b1e00000,0x00000021b1f00000)]
  0x00000145d0c27000 JavaThread "jar transforms Thread 23" [_thread_blocked, id=14800, stack(0x00000021b1d00000,0x00000021b1e00000)]
  0x00000145d0c2b000 JavaThread "jar transforms Thread 22" [_thread_blocked, id=10644, stack(0x00000021b1c00000,0x00000021b1d00000)]
  0x00000145d0c2b800 JavaThread "jar transforms Thread 21" [_thread_blocked, id=17488, stack(0x00000021b1b00000,0x00000021b1c00000)]
  0x00000145d0c1f800 JavaThread "jar transforms Thread 20" [_thread_blocked, id=6536, stack(0x00000021b1a00000,0x00000021b1b00000)]
  0x00000145d0c26800 JavaThread "jar transforms Thread 19" [_thread_blocked, id=17104, stack(0x00000021b1900000,0x00000021b1a00000)]
  0x00000145d0c21000 JavaThread "jar transforms Thread 18" [_thread_blocked, id=15624, stack(0x00000021b1800000,0x00000021b1900000)]
  0x00000145d0c1f000 JavaThread "jar transforms Thread 17" [_thread_blocked, id=18024, stack(0x00000021b1700000,0x00000021b1800000)]
  0x00000145d0c25800 JavaThread "jar transforms Thread 16" [_thread_blocked, id=7356, stack(0x00000021b1600000,0x00000021b1700000)]
  0x00000145d0c1e000 JavaThread "jar transforms Thread 15" [_thread_blocked, id=15072, stack(0x00000021b1500000,0x00000021b1600000)]
  0x00000145d0c25000 JavaThread "jar transforms Thread 14" [_thread_blocked, id=12732, stack(0x00000021b1400000,0x00000021b1500000)]
  0x00000145d0c1d800 JavaThread "jar transforms Thread 13" [_thread_blocked, id=17188, stack(0x00000021b1300000,0x00000021b1400000)]
  0x00000145d0c20800 JavaThread "jar transforms Thread 12" [_thread_blocked, id=17628, stack(0x00000021b1200000,0x00000021b1300000)]
  0x00000145d0c24000 JavaThread "jar transforms Thread 11" [_thread_blocked, id=16636, stack(0x00000021b1100000,0x00000021b1200000)]
  0x00000145d0c22800 JavaThread "jar transforms Thread 10" [_thread_blocked, id=13752, stack(0x00000021b1000000,0x00000021b1100000)]
  0x00000145d0c23800 JavaThread "jar transforms Thread 9" [_thread_blocked, id=15944, stack(0x00000021b0f00000,0x00000021b1000000)]
  0x00000145d0c22000 JavaThread "jar transforms Thread 8" [_thread_blocked, id=2696, stack(0x00000021b0e00000,0x00000021b0f00000)]
  0x00000145d53b5000 JavaThread "jar transforms Thread 7" [_thread_blocked, id=17352, stack(0x00000021b0d00000,0x00000021b0e00000)]
  0x00000145d53b9800 JavaThread "jar transforms Thread 6" [_thread_blocked, id=13340, stack(0x00000021b0c00000,0x00000021b0d00000)]
  0x00000145d53b3800 JavaThread "jar transforms Thread 5" [_thread_blocked, id=11868, stack(0x00000021b0b00000,0x00000021b0c00000)]
  0x00000145d53b8800 JavaThread "jar transforms Thread 4" [_thread_blocked, id=10000, stack(0x00000021b0a00000,0x00000021b0b00000)]
  0x00000145d53b8000 JavaThread "jar transforms Thread 3" [_thread_blocked, id=10800, stack(0x00000021b0900000,0x00000021b0a00000)]
  0x00000145d53b6800 JavaThread "jar transforms Thread 2" [_thread_blocked, id=10560, stack(0x00000021b0800000,0x00000021b0900000)]
  0x00000145d53b5800 JavaThread "Build operations Thread 12" [_thread_blocked, id=9596, stack(0x00000021b0700000,0x00000021b0800000)]
  0x00000145d53b2800 JavaThread "Build operations Thread 11" [_thread_blocked, id=11312, stack(0x00000021b0600000,0x00000021b0700000)]
  0x00000145d53b7000 JavaThread "Build operations Thread 10" [_thread_blocked, id=10348, stack(0x00000021b0500000,0x00000021b0600000)]
  0x00000145d53b4000 JavaThread "Build operations Thread 9" [_thread_blocked, id=7820, stack(0x00000021b0400000,0x00000021b0500000)]
  0x00000145d53ab000 JavaThread "Build operations Thread 8" [_thread_blocked, id=4120, stack(0x00000021b0300000,0x00000021b0400000)]
  0x00000145d53b2000 JavaThread "Build operations Thread 7" [_thread_blocked, id=17952, stack(0x00000021b0200000,0x00000021b0300000)]
  0x00000145d53aa800 JavaThread "Build operations Thread 6" [_thread_blocked, id=14728, stack(0x00000021b0100000,0x00000021b0200000)]
  0x00000145d53b0800 JavaThread "Build operations Thread 5" [_thread_blocked, id=4520, stack(0x00000021b0000000,0x00000021b0100000)]
  0x00000145d53af800 JavaThread "Build operations Thread 4" [_thread_blocked, id=8120, stack(0x00000021aff00000,0x00000021b0000000)]
  0x00000145d53ae000 JavaThread "Build operations Thread 3" [_thread_blocked, id=16908, stack(0x00000021afe00000,0x00000021aff00000)]
  0x00000145d53af000 JavaThread "Build operations Thread 2" [_thread_blocked, id=9760, stack(0x00000021afd00000,0x00000021afe00000)]
  0x00000145d53b1000 JavaThread "Build operations" [_thread_blocked, id=11848, stack(0x00000021afc00000,0x00000021afd00000)]
  0x00000145d53ad800 JavaThread "Cache worker for Build Output Cleanup Cache (D:\react-native\typescript\android\.gradle\buildOutputCleanup)" [_thread_blocked, id=15584, stack(0x00000021afb00000,0x00000021afc00000)]
  0x00000145d53ac000 JavaThread "Cache worker for file content cache (C:\Users\Administrator\.gradle\caches\6.7\fileContent)" [_thread_blocked, id=13292, stack(0x00000021afa00000,0x00000021afb00000)]
  0x00000145d0ec7000 JavaThread "jar transforms" [_thread_blocked, id=17324, stack(0x00000021af900000,0x00000021afa00000)]
  0x00000145d0ec7800 JavaThread "Cache worker for execution history cache (C:\Users\Administrator\.gradle\caches\6.7\executionHistory)" [_thread_blocked, id=11296, stack(0x00000021af800000,0x00000021af900000)]
  0x00000145d0ec4800 JavaThread "Cache worker for cache directory md-rule (C:\Users\Administrator\.gradle\caches\6.7\md-rule)" [_thread_blocked, id=4424, stack(0x00000021af700000,0x00000021af800000)]
  0x00000145d0eca000 JavaThread "Cache worker for cache directory md-supplier (C:\Users\Administrator\.gradle\caches\6.7\md-supplier)" [_thread_blocked, id=4420, stack(0x00000021af600000,0x00000021af700000)]
  0x00000145d0ec8800 JavaThread "Cache worker for checksums cache (D:\react-native\typescript\android\.gradle\checksums)" [_thread_blocked, id=16476, stack(0x00000021af500000,0x00000021af600000)]
  0x00000145d0eca800 JavaThread "Cache worker for file hash cache (D:\react-native\typescript\android\.gradle\6.7\fileHashes)" [_thread_blocked, id=11292, stack(0x00000021af400000,0x00000021af500000)]
  0x00000145d0ec9000 JavaThread "Cache worker for journal cache (C:\Users\Administrator\.gradle\caches\journal-1)" [_thread_blocked, id=17964, stack(0x00000021af300000,0x00000021af400000)]
  0x00000145d0ec6000 JavaThread "File lock request listener" [_thread_in_native, id=13788, stack(0x00000021af200000,0x00000021af300000)]
  0x00000145d0ec4000 JavaThread "Cache worker for file hash cache (C:\Users\Administrator\.gradle\caches\6.7\fileHashes)" [_thread_blocked, id=16460, stack(0x00000021af100000,0x00000021af200000)]
  0x00000145d2767800 JavaThread "Thread-9" [_thread_blocked, id=13744, stack(0x00000021af000000,0x00000021af100000)]
  0x00000145d2730800 JavaThread "Stdin handler" [_thread_blocked, id=7776, stack(0x00000021aef00000,0x00000021af000000)]
  0x00000145d2763800 JavaThread "Asynchronous log dispatcher for DefaultDaemonConnection: socket connection from /127.0.0.1:58582 to /127.0.0.1:58583" [_thread_blocked, id=13476, stack(0x00000021aee00000,0x00000021aef00000)]
  0x00000145d272b800 JavaThread "Daemon worker" [_thread_in_Java, id=17708, stack(0x00000021aed00000,0x00000021aee00000)]
  0x00000145d2726800 JavaThread "Cancel handler" [_thread_blocked, id=7724, stack(0x00000021aec00000,0x00000021aed00000)]
  0x00000145d270c000 JavaThread "Handler for socket connection from /127.0.0.1:58582 to /127.0.0.1:58583" [_thread_in_native, id=18152, stack(0x00000021aeb00000,0x00000021aec00000)]
  0x00000145d270b000 JavaThread "Daemon" [_thread_blocked, id=18252, stack(0x00000021aea00000,0x00000021aeb00000)]
  0x00000145d2696800 JavaThread "Daemon periodic checks" [_thread_blocked, id=6772, stack(0x00000021ae900000,0x00000021aea00000)]
  0x00000145d268c800 JavaThread "Incoming local TCP Connector on port 58582" [_thread_in_native, id=18272, stack(0x00000021ae800000,0x00000021ae900000)]
  0x00000145d23e9800 JavaThread "Daemon health stats" [_thread_blocked, id=14608, stack(0x00000021ae500000,0x00000021ae600000)]
  0x00000145d0900000 JavaThread "Service Thread" daemon [_thread_blocked, id=12200, stack(0x00000021ae300000,0x00000021ae400000)]
  0x00000145ce4f9000 JavaThread "C1 CompilerThread3" daemon [_thread_in_vm, id=15932, stack(0x00000021ae200000,0x00000021ae300000)]
  0x00000145ce4eb000 JavaThread "C2 CompilerThread2" daemon [_thread_blocked, id=15716, stack(0x00000021ae100000,0x00000021ae200000)]
=>0x00000145ce4e6000 JavaThread "C2 CompilerThread1" daemon [_thread_in_native, id=3528, stack(0x00000021ae000000,0x00000021ae100000)]
  0x00000145ce4e4800 JavaThread "C2 CompilerThread0" daemon [_thread_blocked, id=4476, stack(0x00000021adf00000,0x00000021ae000000)]
  0x00000145d08d3000 JavaThread "Attach Listener" daemon [_thread_blocked, id=5444, stack(0x00000021ade00000,0x00000021adf00000)]
  0x00000145d08d2800 JavaThread "Signal Dispatcher" daemon [_thread_blocked, id=18368, stack(0x00000021add00000,0x00000021ade00000)]
  0x00000145ce49c000 JavaThread "Finalizer" daemon [_thread_blocked, id=14724, stack(0x00000021adc00000,0x00000021add00000)]
  0x00000145ce493000 JavaThread "Reference Handler" daemon [_thread_blocked, id=8000, stack(0x00000021adb00000,0x00000021adc00000)]
  0x00000145bba2e800 JavaThread "main" [_thread_blocked, id=15120, stack(0x00000021acf00000,0x00000021ad000000)]

Other Threads:
  0x00000145ce46b800 VMThread [stack: 0x00000021ada00000,0x00000021adb00000] [id=8604]
  0x00000145d0967800 WatcherThread [stack: 0x00000021ae400000,0x00000021ae500000] [id=13068]

VM state:not at safepoint (normal execution)

VM Mutex/Monitor currently owned by a thread: None

heap address: 0x00000000e0000000, size: 512 MB, Compressed Oops mode: 32-bit
Narrow klass base: 0x0000000000000000, Narrow klass shift: 3
Compressed class space size: 1073741824 Address: 0x0000000100000000

Heap:
 PSYoungGen      total 156160K, used 77383K [0x00000000f5580000, 0x00000000ffa80000, 0x0000000100000000)
  eden space 144384K, 47% used [0x00000000f5580000,0x00000000f9866248,0x00000000fe280000)
  from space 11776K, 75% used [0x00000000fef00000,0x00000000ff7abc98,0x00000000ffa80000)
  to   space 12288K, 0% used [0x00000000fe280000,0x00000000fe280000,0x00000000fee80000)
 ParOldGen       total 175104K, used 17538K [0x00000000e0000000, 0x00000000eab00000, 0x00000000f5580000)
  object space 175104K, 10% used [0x00000000e0000000,0x00000000e11208d8,0x00000000eab00000)
 Metaspace       used 49845K, capacity 51916K, committed 52096K, reserved 1095680K
  class space    used 6758K, capacity 7234K, committed 7296K, reserved 1048576K

Card table byte_map: [0x00000145cc730000,0x00000145cc840000] byte_map_base: 0x00000145cc030000

Marking Bits: (ParMarkBitMap*) 0x000000006f577fe0
 Begin Bits: [0x00000145cc8f0000, 0x00000145cd0f0000)
 End Bits:   [0x00000145cd0f0000, 0x00000145cd8f0000)

Polling page: 0x00000145bb9c0000

CodeCache: size=245760Kb used=15075Kb max_used=15255Kb free=230684Kb
 bounds [0x00000145bd370000, 0x00000145be270000, 0x00000145cc370000]
 total_blobs=5254 nmethods=4480 adapters=685
 compilation: enabled

Compilation events (10 events):
Event: 14.377 Thread 0x00000145ce4f9000 nmethod 4950 0x00000145bd5bf110 code [0x00000145bd5bf380, 0x00000145bd5c0640]
Event: 14.377 Thread 0x00000145ce4f9000 4951       3       sun.reflect.annotation.AnnotationParser::parseMemberValue (162 bytes)
Event: 14.377 Thread 0x00000145ce4e4800 nmethod 4940 0x00000145bd5be750 code [0x00000145bd5be8c0, 0x00000145bd5bedc8]
Event: 14.377 Thread 0x00000145ce4e4800 4941       4       java.util.HashMap::<init> (98 bytes)
Event: 14.378 Thread 0x00000145ce4eb000 nmethod 4939 0x00000145bd966e90 code [0x00000145bd9670e0, 0x00000145bd968370]
Event: 14.378 Thread 0x00000145ce4eb000 4942       4       java.util.jar.Manifest::getAttributes (14 bytes)
Event: 14.379 Thread 0x00000145ce4e4800 nmethod 4941 0x00000145bd4b8f50 code [0x00000145bd4b90a0, 0x00000145bd4b9238]
Event: 14.379 Thread 0x00000145ce4f9000 nmethod 4951 0x00000145bd964e10 code [0x00000145bd9650e0, 0x00000145bd966560]
Event: 14.379 Thread 0x00000145ce4f9000 4952       3       sun.reflect.ConstantPool::getIntAt (10 bytes)
Event: 14.380 Thread 0x00000145ce4f9000 nmethod 4952 0x00000145bd7aa910 code [0x00000145bd7aaa80, 0x00000145bd7aac10]

GC Heap History (10 events):
Event: 6.877 GC heap before
{Heap before GC invocations=6 (full 1):
 PSYoungGen      total 76288K, used 65536K [0x00000000f5580000, 0x00000000fea80000, 0x0000000100000000)
  eden space 65536K, 100% used [0x00000000f5580000,0x00000000f9580000,0x00000000f9580000)
  from space 10752K, 0% used [0x00000000fa000000,0x00000000fa000000,0x00000000faa80000)
  to   space 10752K, 0% used [0x00000000f9580000,0x00000000f9580000,0x00000000fa000000)
 ParOldGen       total 175104K, used 8529K [0x00000000e0000000, 0x00000000eab00000, 0x00000000f5580000)
  object space 175104K, 4% used [0x00000000e0000000,0x00000000e0854688,0x00000000eab00000)
 Metaspace       used 29008K, capacity 29820K, committed 29952K, reserved 1075200K
  class space    used 4111K, capacity 4284K, committed 4352K, reserved 1048576K
Event: 6.884 GC heap after
Heap after GC invocations=6 (full 1):
 PSYoungGen      total 76288K, used 8360K [0x00000000f5580000, 0x00000000fd280000, 0x0000000100000000)
  eden space 65536K, 0% used [0x00000000f5580000,0x00000000f5580000,0x00000000f9580000)
  from space 10752K, 77% used [0x00000000f9580000,0x00000000f9daa090,0x00000000fa000000)
  to   space 12288K, 0% used [0x00000000fc680000,0x00000000fc680000,0x00000000fd280000)
 ParOldGen       total 175104K, used 8537K [0x00000000e0000000, 0x00000000eab00000, 0x00000000f5580000)
  object space 175104K, 4% used [0x00000000e0000000,0x00000000e0856688,0x00000000eab00000)
 Metaspace       used 29008K, capacity 29820K, committed 29952K, reserved 1075200K
  class space    used 4111K, capacity 4284K, committed 4352K, reserved 1048576K
}
Event: 10.144 GC heap before
{Heap before GC invocations=7 (full 1):
 PSYoungGen      total 76288K, used 68913K [0x00000000f5580000, 0x00000000fd280000, 0x0000000100000000)
  eden space 65536K, 92% used [0x00000000f5580000,0x00000000f90a23e8,0x00000000f9580000)
  from space 10752K, 77% used [0x00000000f9580000,0x00000000f9daa090,0x00000000fa000000)
  to   space 12288K, 0% used [0x00000000fc680000,0x00000000fc680000,0x00000000fd280000)
 ParOldGen       total 175104K, used 8537K [0x00000000e0000000, 0x00000000eab00000, 0x00000000f5580000)
  object space 175104K, 4% used [0x00000000e0000000,0x00000000e0856688,0x00000000eab00000)
 Metaspace       used 34343K, capacity 35394K, committed 35456K, reserved 1079296K
  class space    used 4683K, capacity 4945K, committed 4992K, reserved 1048576K
Event: 10.158 GC heap after
Heap after GC invocations=7 (full 1):
 PSYoungGen      total 111104K, used 10635K [0x00000000f5580000, 0x00000000fd100000, 0x0000000100000000)
  eden space 100352K, 0% used [0x00000000f5580000,0x00000000f5580000,0x00000000fb780000)
  from space 10752K, 98% used [0x00000000fc680000,0x00000000fd0e2ef8,0x00000000fd100000)
  to   space 12800K, 0% used [0x00000000fb800000,0x00000000fb800000,0x00000000fc480000)
 ParOldGen       total 175104K, used 8545K [0x00000000e0000000, 0x00000000eab00000, 0x00000000f5580000)
  object space 175104K, 4% used [0x00000000e0000000,0x00000000e0858688,0x00000000eab00000)
 Metaspace       used 34343K, capacity 35394K, committed 35456K, reserved 1079296K
  class space    used 4683K, capacity 4945K, committed 4992K, reserved 1048576K
}
Event: 10.158 GC heap before
{Heap before GC invocations=8 (full 2):
 PSYoungGen      total 111104K, used 10635K [0x00000000f5580000, 0x00000000fd100000, 0x0000000100000000)
  eden space 100352K, 0% used [0x00000000f5580000,0x00000000f5580000,0x00000000fb780000)
  from space 10752K, 98% used [0x00000000fc680000,0x00000000fd0e2ef8,0x00000000fd100000)
  to   space 12800K, 0% used [0x00000000fb800000,0x00000000fb800000,0x00000000fc480000)
 ParOldGen       total 175104K, used 8545K [0x00000000e0000000, 0x00000000eab00000, 0x00000000f5580000)
  object space 175104K, 4% used [0x00000000e0000000,0x00000000e0858688,0x00000000eab00000)
 Metaspace       used 34343K, capacity 35394K, committed 35456K, reserved 1079296K
  class space    used 4683K, capacity 4945K, committed 4992K, reserved 1048576K
Event: 10.223 GC heap after
Heap after GC invocations=8 (full 2):
 PSYoungGen      total 111104K, used 0K [0x00000000f5580000, 0x00000000fd100000, 0x0000000100000000)
  eden space 100352K, 0% used [0x00000000f5580000,0x00000000f5580000,0x00000000fb780000)
  from space 10752K, 0% used [0x00000000fc680000,0x00000000fc680000,0x00000000fd100000)
  to   space 12800K, 0% used [0x00000000fb800000,0x00000000fb800000,0x00000000fc480000)
 ParOldGen       total 175104K, used 17522K [0x00000000e0000000, 0x00000000eab00000, 0x00000000f5580000)
  object space 175104K, 10% used [0x00000000e0000000,0x00000000e111c8d8,0x00000000eab00000)
 Metaspace       used 34339K, capacity 35388K, committed 35456K, reserved 1079296K
  class space    used 4682K, capacity 4943K, committed 4992K, reserved 1048576K
}
Event: 11.524 GC heap before
{Heap before GC invocations=9 (full 2):
 PSYoungGen      total 111104K, used 100352K [0x00000000f5580000, 0x00000000fd100000, 0x0000000100000000)
  eden space 100352K, 100% used [0x00000000f5580000,0x00000000fb780000,0x00000000fb780000)
  from space 10752K, 0% used [0x00000000fc680000,0x00000000fc680000,0x00000000fd100000)
  to   space 12800K, 0% used [0x00000000fb800000,0x00000000fb800000,0x00000000fc480000)
 ParOldGen       total 175104K, used 17522K [0x00000000e0000000, 0x00000000eab00000, 0x00000000f5580000)
  object space 175104K, 10% used [0x00000000e0000000,0x00000000e111c8d8,0x00000000eab00000)
 Metaspace       used 39578K, capacity 40914K, committed 41216K, reserved 1085440K
  class space    used 5445K, capacity 5763K, committed 5888K, reserved 1048576K
Event: 11.536 GC heap after
Heap after GC invocations=9 (full 2):
 PSYoungGen      total 113664K, used 8278K [0x00000000f5580000, 0x00000000ffb00000, 0x0000000100000000)
  eden space 100864K, 0% used [0x00000000f5580000,0x00000000f5580000,0x00000000fb800000)
  from space 12800K, 64% used [0x00000000fb800000,0x00000000fc015920,0x00000000fc480000)
  to   space 12288K, 0% used [0x00000000fef00000,0x00000000fef00000,0x00000000ffb00000)
 ParOldGen       total 175104K, used 17530K [0x00000000e0000000, 0x00000000eab00000, 0x00000000f5580000)
  object space 175104K, 10% used [0x00000000e0000000,0x00000000e111e8d8,0x00000000eab00000)
 Metaspace       used 39578K, capacity 40914K, committed 41216K, reserved 1085440K
  class space    used 5445K, capacity 5763K, committed 5888K, reserved 1048576K
}
Event: 13.206 GC heap before
{Heap before GC invocations=10 (full 2):
 PSYoungGen      total 113664K, used 109142K [0x00000000f5580000, 0x00000000ffb00000, 0x0000000100000000)
  eden space 100864K, 100% used [0x00000000f5580000,0x00000000fb800000,0x00000000fb800000)
  from space 12800K, 64% used [0x00000000fb800000,0x00000000fc015920,0x00000000fc480000)
  to   space 12288K, 0% used [0x00000000fef00000,0x00000000fef00000,0x00000000ffb00000)
 ParOldGen       total 175104K, used 17530K [0x00000000e0000000, 0x00000000eab00000, 0x00000000f5580000)
  object space 175104K, 10% used [0x00000000e0000000,0x00000000e111e8d8,0x00000000eab00000)
 Metaspace       used 42841K, capacity 44708K, committed 44928K, reserved 1087488K
  class space    used 5852K, capacity 6267K, committed 6272K, reserved 1048576K
Event: 13.219 GC heap after
Heap after GC invocations=10 (full 2):
 PSYoungGen      total 156160K, used 8879K [0x00000000f5580000, 0x00000000ffa80000, 0x0000000100000000)
  eden space 144384K, 0% used [0x00000000f5580000,0x00000000f5580000,0x00000000fe280000)
  from space 11776K, 75% used [0x00000000fef00000,0x00000000ff7abc98,0x00000000ffa80000)
  to   space 12288K, 0% used [0x00000000fe280000,0x00000000fe280000,0x00000000fee80000)
 ParOldGen       total 175104K, used 17538K [0x00000000e0000000, 0x00000000eab00000, 0x00000000f5580000)
  object space 175104K, 10% used [0x00000000e0000000,0x00000000e11208d8,0x00000000eab00000)
 Metaspace       used 42841K, capacity 44708K, committed 44928K, reserved 1087488K
  class space    used 5852K, capacity 6267K, committed 6272K, reserved 1048576K
}

Deoptimization events (10 events):
Event: 13.632 Thread 0x00000145d272b800 Uncommon trap: reason=unstable_if action=reinterpret pc=0x00000145bda5e390 method=org.objectweb.asm.ByteVector.putUTF8(Ljava/lang/String;)Lorg/objectweb/asm/ByteVector; @ 93
Event: 13.691 Thread 0x00000145d272b800 Uncommon trap: reason=predicate action=maybe_recompile pc=0x00000145bd47c350 method=java.util.Arrays.binarySearch0([Ljava/lang/Object;IILjava/lang/Object;Ljava/util/Comparator;)I @ 28
Event: 13.917 Thread 0x00000145d272b800 Uncommon trap: reason=predicate action=maybe_recompile pc=0x00000145be20d53c method=java.util.AbstractCollection.toArray([Ljava/lang/Object;)[Ljava/lang/Object; @ 49
Event: 14.124 Thread 0x00000145d272b800 Uncommon trap: reason=unstable_if action=reinterpret pc=0x00000145bd50408c method=java.security.CodeSource.hashCode()I @ 4
Event: 14.235 Thread 0x00000145d272b800 Uncommon trap: reason=unstable_if action=reinterpret pc=0x00000145be06777c method=java.util.jar.JarFile.maybeInstantiateVerifier()V @ 48
Event: 14.295 Thread 0x00000145d272b800 Uncommon trap: reason=unstable_if action=reinterpret pc=0x00000145bddb22d0 method=java.util.regex.Pattern.has(I)Z @ 6
Event: 14.295 Thread 0x00000145d272b800 Uncommon trap: reason=unstable_if action=reinterpret pc=0x00000145bdda2064 method=java.util.regex.Pattern.has(I)Z @ 6
Event: 14.310 Thread 0x00000145d272b800 Uncommon trap: reason=unstable_if action=reinterpret pc=0x00000145bdf66274 method=java.util.HashMap.putVal(ILjava/lang/Object;Ljava/lang/Object;ZZ)Ljava/lang/Object; @ 236
Event: 14.317 Thread 0x00000145d272b800 Uncommon trap: reason=unstable_if action=reinterpret pc=0x00000145bd8b803c method=java.util.jar.JarFile.maybeInstantiateVerifier()V @ 48
Event: 14.348 Thread 0x00000145d272b800 Uncommon trap: reason=unstable_if action=reinterpret pc=0x00000145bdff4f3c method=java.util.LinkedHashMap.get(Ljava/lang/Object;)Ljava/lang/Object; @ 20

Classes redefined (0 events):
No events

Internal exceptions (10 events):
Event: 12.534 Thread 0x00000145d272b800 Exception <a 'java/lang/ClassNotFoundException': org/gradle/api/internal/artifacts/repositories/DefaultMavenArtifactRepositoryCustomizer> (0x00000000f98213b8) thrown at [C:\jenkins\workspace\8-2-build-windows-amd64-cygwin\jdk8u291\1294\hotspot\src\share\v
Event: 12.536 Thread 0x00000145d272b800 Exception <a 'java/lang/ClassNotFoundException': org/gradle/api/internal/artifacts/repositories/DefaultMavenArtifactRepository_DecoratedCustomizer> (0x00000000f98bcb28) thrown at [C:\jenkins\workspace\8-2-build-windows-amd64-cygwin\jdk8u291\1294\hotspot\s
Event: 12.559 Thread 0x00000145d272b800 Implicit null exception at 0x00000145bdf18f44 to 0x00000145bdf19079
Event: 12.654 Thread 0x00000145d4712000 Exception <a 'sun/nio/fs/WindowsException'> (0x00000000f9c58360) thrown at [C:\jenkins\workspace\8-2-build-windows-amd64-cygwin\jdk8u291\1294\hotspot\src\share\vm\prims\jni.cpp, line 710]
Event: 12.655 Thread 0x00000145d4712000 Exception <a 'sun/nio/fs/WindowsException'> (0x00000000f9c586d8) thrown at [C:\jenkins\workspace\8-2-build-windows-amd64-cygwin\jdk8u291\1294\hotspot\src\share\vm\prims\jni.cpp, line 710]
Event: 12.945 Thread 0x00000145d4712000 Exception <a 'sun/nio/fs/WindowsException'> (0x00000000fac72a18) thrown at [C:\jenkins\workspace\8-2-build-windows-amd64-cygwin\jdk8u291\1294\hotspot\src\share\vm\prims\jni.cpp, line 710]
Event: 12.946 Thread 0x00000145d4712000 Exception <a 'sun/nio/fs/WindowsException'> (0x00000000fac72d80) thrown at [C:\jenkins\workspace\8-2-build-windows-amd64-cygwin\jdk8u291\1294\hotspot\src\share\vm\prims\jni.cpp, line 710]
Event: 12.956 Thread 0x00000145d272b800 Exception <a 'java/lang/ClassNotFoundException': build_6lkgu1jl5ksxupat00qepru0BeanInfo> (0x00000000fa62f5b8) thrown at [C:\jenkins\workspace\8-2-build-windows-amd64-cygwin\jdk8u291\1294\hotspot\src\share\vm\classfile\systemDictionary.cpp, line 212]
Event: 12.957 Thread 0x00000145d272b800 Exception <a 'java/lang/ClassNotFoundException': build_6lkgu1jl5ksxupat00qepru0Customizer> (0x00000000fa63bda8) thrown at [C:\jenkins\workspace\8-2-build-windows-amd64-cygwin\jdk8u291\1294\hotspot\src\share\vm\classfile\systemDictionary.cpp, line 212]
Event: 14.124 Thread 0x00000145d272b800 Implicit null exception at 0x00000145bd503d95 to 0x00000145bd50407d

Events (10 events):
Event: 14.372 loading class com/android/builder/internal/BaseConfigImpl$Companion
Event: 14.372 loading class com/android/builder/internal/BaseConfigImpl$Companion done
Event: 14.376 loading class org/gradle/api/Incubating
Event: 14.376 loading class org/gradle/api/Incubating done
Event: 14.379 loading class kotlin/jvm/JvmStatic
Event: 14.379 loading class kotlin/jvm/JvmStatic done
Event: 14.379 loading class kotlin/jvm/JvmStatic
Event: 14.379 loading class kotlin/jvm/JvmStatic done
Event: 14.381 loading class kotlin/ReplaceWith
Event: 14.381 loading class kotlin/ReplaceWith done


Dynamic libraries:
0x00007ff6b9ca0000 - 0x00007ff6b9ce7000 	C:\Program Files\Java\jdk1.8.0_291\bin\java.exe
0x00007ffac1e20000 - 0x00007ffac2010000 	C:\Windows\SYSTEM32\ntdll.dll
0x00007ffac0100000 - 0x00007ffac01b2000 	C:\Windows\System32\KERNEL32.DLL
0x00007ffabf0c0000 - 0x00007ffabf364000 	C:\Windows\System32\KERNELBASE.dll
0x00007ffac12b0000 - 0x00007ffac1353000 	C:\Windows\System32\ADVAPI32.DLL
0x00007ffac02b0000 - 0x00007ffac034e000 	C:\Windows\System32\msvcrt.dll
0x00007ffac16d0000 - 0x00007ffac1767000 	C:\Windows\System32\sechost.dll
0x00007ffac1770000 - 0x00007ffac1890000 	C:\Windows\System32\RPCRT4.dll
0x00007ffac13c0000 - 0x00007ffac1554000 	C:\Windows\System32\USER32.dll
0x00007ffabf3c0000 - 0x00007ffabf3e1000 	C:\Windows\System32\win32u.dll
0x00007ffac0b10000 - 0x00007ffac0b36000 	C:\Windows\System32\GDI32.dll
0x00007ffabef20000 - 0x00007ffabf0b5000 	C:\Windows\System32\gdi32full.dll
0x00007ffabedd0000 - 0x00007ffabee6e000 	C:\Windows\System32\msvcp_win.dll
0x00007ffabfd70000 - 0x00007ffabfe6a000 	C:\Windows\System32\ucrtbase.dll
0x00007ffab5760000 - 0x00007ffab59e4000 	C:\Windows\WinSxS\amd64_microsoft.windows.common-controls_6595b64144ccf1df_6.0.18362.900_none_e6beb9d913147d17\COMCTL32.dll
0x00007ffac19d0000 - 0x00007ffac1d05000 	C:\Windows\System32\combase.dll
0x00007ffabeea0000 - 0x00007ffabef20000 	C:\Windows\System32\bcryptPrimitives.dll
0x00007ffabfed0000 - 0x00007ffabfefe000 	C:\Windows\System32\IMM32.DLL
0x00007ffaab400000 - 0x00007ffaab415000 	C:\Program Files\Java\jdk1.8.0_291\jre\bin\vcruntime140.dll
0x00007ffa87eb0000 - 0x00007ffa87f4b000 	C:\Program Files\Java\jdk1.8.0_291\jre\bin\msvcp140.dll
0x000000006ed90000 - 0x000000006f5f0000 	C:\Program Files\Java\jdk1.8.0_291\jre\bin\server\jvm.dll
0x00007ffac16c0000 - 0x00007ffac16c8000 	C:\Windows\System32\PSAPI.DLL
0x00007ffabb5f0000 - 0x00007ffabb614000 	C:\Windows\SYSTEM32\WINMM.dll
0x00007ffa95730000 - 0x00007ffa95739000 	C:\Windows\SYSTEM32\WSOCK32.dll
0x00007ffab9c60000 - 0x00007ffab9c6a000 	C:\Windows\SYSTEM32\VERSION.dll
0x00007ffac0fc0000 - 0x00007ffac102f000 	C:\Windows\System32\WS2_32.dll
0x00007ffabb3a0000 - 0x00007ffabb3cd000 	C:\Windows\SYSTEM32\winmmbase.dll
0x00007ffabf370000 - 0x00007ffabf3ba000 	C:\Windows\System32\cfgmgr32.dll
0x00007ffabed20000 - 0x00007ffabed31000 	C:\Windows\System32\kernel.appcore.dll
0x00007ffaab3b0000 - 0x00007ffaab3c0000 	C:\Program Files\Java\jdk1.8.0_291\jre\bin\verify.dll
0x00007ffaa1780000 - 0x00007ffaa17ab000 	C:\Program Files\Java\jdk1.8.0_291\jre\bin\java.dll
0x00007ffaa70d0000 - 0x00007ffaa70e8000 	C:\Program Files\Java\jdk1.8.0_291\jre\bin\zip.dll
0x00007ffac0350000 - 0x00007ffac0a36000 	C:\Windows\System32\SHELL32.dll
0x00007ffac11e0000 - 0x00007ffac1289000 	C:\Windows\System32\shcore.dll
0x00007ffabf3f0000 - 0x00007ffabfb70000 	C:\Windows\System32\windows.storage.dll
0x00007ffabecf0000 - 0x00007ffabed13000 	C:\Windows\System32\profapi.dll
0x00007ffabed60000 - 0x00007ffabedaa000 	C:\Windows\System32\powrprof.dll
0x00007ffabece0000 - 0x00007ffabecf0000 	C:\Windows\System32\UMPDC.dll
0x00007ffac1910000 - 0x00007ffac1962000 	C:\Windows\System32\shlwapi.dll
0x00007ffabedb0000 - 0x00007ffabedc7000 	C:\Windows\System32\cryptsp.dll
0x00007ffaa3490000 - 0x00007ffaa34ac000 	C:\Program Files\Java\jdk1.8.0_291\jre\bin\net.dll
0x00007ffabe550000 - 0x00007ffabe5b7000 	C:\Windows\system32\mswsock.dll
0x00007ffaa0e20000 - 0x00007ffaa0e33000 	C:\Program Files\Java\jdk1.8.0_291\jre\bin\nio.dll
0x00007ffaa34b0000 - 0x00007ffaa34d6000 	C:\Users\Administrator\.gradle\native\fdc75f09e3144964f2cf3f50f0aa648679c211496f362492102eb8c894070792\windows-amd64\native-platform.dll
0x00007ffa7ea30000 - 0x00007ffa7ebc1000 	C:\Users\Administrator\.gradle\native\12488b8bf47d2d4c9fbf2f6322a914ad602e24e48041cd04a747c6da556b65c4\windows-amd64\native-platform-file-events.dll
0x00007ffaaae70000 - 0x00007ffaaae7d000 	C:\Program Files\Java\jdk1.8.0_291\jre\bin\management.dll
0x00007ffabe0c0000 - 0x00007ffabe0f3000 	C:\Windows\system32\rsaenh.dll
0x00007ffabee70000 - 0x00007ffabee96000 	C:\Windows\System32\bcrypt.dll
0x00007ffabebd0000 - 0x00007ffabebf5000 	C:\Windows\SYSTEM32\USERENV.dll
0x00007ffabe720000 - 0x00007ffabe72c000 	C:\Windows\SYSTEM32\CRYPTBASE.dll
0x00007ffabe260000 - 0x00007ffabe29a000 	C:\Windows\SYSTEM32\IPHLPAPI.DLL
0x00007ffabff00000 - 0x00007ffabff08000 	C:\Windows\System32\NSI.dll
0x00007ffaba8e0000 - 0x00007ffaba8f6000 	C:\Windows\SYSTEM32\dhcpcsvc6.DLL
0x00007ffab9d90000 - 0x00007ffab9dac000 	C:\Windows\SYSTEM32\dhcpcsvc.DLL
0x00007ffabe2a0000 - 0x00007ffabe36b000 	C:\Windows\SYSTEM32\DNSAPI.dll
0x00007ffabada0000 - 0x00007ffabadab000 	C:\Windows\SYSTEM32\WINNSI.DLL

VM Arguments:
jvm_args: -XX:MaxMetaspaceSize=256m -XX:+HeapDumpOnOutOfMemoryError -Xms256m -Xmx512m -Dfile.encoding=GBK -Duser.country=CN -Duser.language=zh -Duser.variant 
java_command: org.gradle.launcher.daemon.bootstrap.GradleDaemon 6.7
java_class_path (initial): C:\Users\Administrator\.gradle\wrapper\dists\gradle-6.7-all\alb6slj2h93mmduw2aeq6o0mr\gradle-6.7\lib\gradle-launcher-6.7.jar
Launcher Type: SUN_STANDARD

Environment Variables:
CLASSPATH=D:\react-native\typescript\android\\gradle\wrapper\gradle-wrapper.jar
PATH=D:\react-native\typescript\android\node_modules\.bin;D:\react-native\typescript\node_modules\.bin;D:\react-native\node_modules\.bin;D:\node_modules\.bin;E:\node;E:\node\node_modules\npm\node_modules\npm-lifecycle\node-gyp-bin;D:\react-native\typescript\node_modules\.bin;C:\Program Files (x86)\Common Files\Oracle\Java\javapath;C:\Program Files (x86)\NVIDIA Corporation\PhysX\Common;C:\Windows\system32;C:\Windows;C:\Windows\System32\Wbem;C:\Windows\System32\WindowsPowerShell\v1.0\;C:\Windows\System32\OpenSSH\;E:\Git\cmd;E:\node\;C:\Program Files\Go\bin;C:\Users\Administrator\AppData\Local\Microsoft\WindowsApps;C:\Users\Administrator\AppData\Local\Programs\Microsoft VS Code\bin;C:\Users\Administrator\AppData\Roaming\npm;C:\Users\Administrator\go\bin;C:\Program Files\Go\bin;E:\redis;E:\mysql-8.0.24-winx64\bin;E:\mongoDB\bin;C:\Users\Administrator\AppData\Local\Android\Sdk\platform-tools;C:\Users\Administrator\AppData\Local\Android\Sdk\emulator;C:\Users\Administrator\AppData\Local\Android\Sdk\tools;C:\Users\Administrator\AppData\Local\Android\Sdk\tools\bin;
USERNAME=Administrator
OS=Windows_NT
PROCESSOR_IDENTIFIER=Intel64 Family 6 Model 44 Stepping 2, GenuineIntel



---------------  S Y S T E M  ---------------

OS: Windows 10.0 , 64 bit Build 18362 (10.0.18362.900)

CPU:total 12 (initial active 12) (6 cores per cpu, 2 threads per core) family 6 model 44 stepping 2, cmov, cx8, fxsr, mmx, sse, sse2, sse3, ssse3, sse4.1, sse4.2, popcnt, aes, clmul, ht, tsc, tscinvbit, tscinv

Memory: 4k page, physical 16768240k(6946096k free), swap 16768240k(504k free)

vm_info: Java HotSpot(TM) 64-Bit Server VM (25.291-b10) for windows-amd64 JRE (1.8.0_291-b10), built on Apr  9 2021 00:02:00 by "java_re" with MS VC++ 15.9 (VS2017)

time: Wed May  5 16:31:41 2021
timezone: ?D1¨²¡À¨º¡Á?¨º¡À??
elapsed time: 14.408387 seconds (0d 0h 0m 14s)

