#
# There is insufficient memory for the Java Runtime Environment to continue.
# Native memory allocation (malloc) failed to allocate 2515536 bytes for Chunk::new
# Possible reasons:
#   The system is out of physical RAM or swap space
#   The process is running with CompressedOops enabled, and the Java Heap may be blocking the growth of the native heap
# Possible solutions:
#   Reduce memory load on the system
#   Increase physical memory or swap space
#   Check if swap backing store is full
#   Decrease Java heap size (-Xmx/-Xms)
#   Decrease number of Java threads
#   Decrease Java thread stack sizes (-Xss)
#   Set larger code cache with -XX:ReservedCodeCacheSize=
#   JVM is running with Unscaled Compressed Oops mode in which the Java heap is
#     placed in the first 4GB address space. The Java Heap base address is the
#     maximum limit for the native heap growth. Please use -XX:HeapBaseMinAddress
#     to set the Java Heap base and to place the Java Heap above 4GB virtual address.
# This output file may be truncated or incomplete.
#
#  Out of Memory Error (allocation.cpp:389), pid=16684, tid=0x0000000000003408
#
# JRE version: Java(TM) SE Runtime Environment (8.0_291-b10) (build 1.8.0_291-b10)
# Java VM: Java HotSpot(TM) 64-Bit Server VM (25.291-b10 mixed mode windows-amd64 compressed oops)
# Failed to write core dump. Minidumps are not enabled by default on client versions of Windows
#

---------------  T H R E A D  ---------------

Current thread (0x000001dbf43a7000):  JavaThread "C2 CompilerThread0" daemon [_thread_in_native, id=13320, stack(0x000000cf48b00000,0x000000cf48c00000)]

Stack: [0x000000cf48b00000,0x000000cf48c00000]
Native frames: (J=compiled Java code, j=interpreted, Vv=VM code, C=native code)
V  [jvm.dll+0x32ea19]
V  [jvm.dll+0x275462]
V  [jvm.dll+0x27610d]
V  [jvm.dll+0x26cb45]
V  [jvm.dll+0xd524c]
V  [jvm.dll+0xd5a4c]
V  [jvm.dll+0x46fd43]
V  [jvm.dll+0x437a08]
V  [jvm.dll+0x440855]
V  [jvm.dll+0x43fc15]
V  [jvm.dll+0x42aa57]
V  [jvm.dll+0xabeeb]
V  [jvm.dll+0xaa54b]
V  [jvm.dll+0x23db02]
V  [jvm.dll+0x29210c]
C  [ucrtbase.dll+0x20e82]
C  [KERNEL32.DLL+0x17bd4]
C  [ntdll.dll+0x6ce51]


Current CompileTask:
C2:  11513 3989   !   4       java.net.URLClassLoader$1::run (63 bytes)


---------------  P R O C E S S  ---------------

Java Threads: ( => current thread )
  0x000001dbfa1b5800 JavaThread "jar transforms Thread 92" [_thread_blocked, id=11252, stack(0x000000cf50e00000,0x000000cf50f00000)]
  0x000001dbfbb33000 JavaThread "jar transforms Thread 91" [_thread_blocked, id=6368, stack(0x000000cf50d00000,0x000000cf50e00000)]
  0x000001dbfbb32000 JavaThread "jar transforms Thread 90" [_thread_blocked, id=15200, stack(0x000000cf50c00000,0x000000cf50d00000)]
  0x000001dbfbb31800 JavaThread "jar transforms Thread 89" [_thread_blocked, id=11844, stack(0x000000cf50b00000,0x000000cf50c00000)]
  0x000001dbfbb30800 JavaThread "jar transforms Thread 88" [_thread_blocked, id=18060, stack(0x000000cf50a00000,0x000000cf50b00000)]
  0x000001dbfbb2e000 JavaThread "jar transforms Thread 87" [_thread_blocked, id=16088, stack(0x000000cf50900000,0x000000cf50a00000)]
  0x000001dbfbb2f800 JavaThread "jar transforms Thread 86" [_thread_blocked, id=18412, stack(0x000000cf50800000,0x000000cf50900000)]
  0x000001dbfbb2f000 JavaThread "jar transforms Thread 85" [_thread_blocked, id=13984, stack(0x000000cf50700000,0x000000cf50800000)]
  0x000001dbfbb2c000 JavaThread "jar transforms Thread 84" [_thread_blocked, id=10392, stack(0x000000cf50600000,0x000000cf50700000)]
  0x000001dbfbb2d800 JavaThread "jar transforms Thread 83" [_thread_blocked, id=18272, stack(0x000000cf50500000,0x000000cf50600000)]
  0x000001dbfbb2c800 JavaThread "jar transforms Thread 82" [_thread_blocked, id=11312, stack(0x000000cf50400000,0x000000cf50500000)]
  0x000001dbfbb24800 JavaThread "jar transforms Thread 81" [_thread_blocked, id=9608, stack(0x000000cf50300000,0x000000cf50400000)]
  0x000001dbfbb2a800 JavaThread "jar transforms Thread 80" [_thread_blocked, id=18344, stack(0x000000cf50200000,0x000000cf50300000)]
  0x000001dbfbb29800 JavaThread "jar transforms Thread 79" [_thread_blocked, id=8736, stack(0x000000cf50100000,0x000000cf50200000)]
  0x000001dbfbb29000 JavaThread "jar transforms Thread 78" [_thread_blocked, id=1060, stack(0x000000cf50000000,0x000000cf50100000)]
  0x000001dbfbb2b000 JavaThread "jar transforms Thread 77" [_thread_blocked, id=16008, stack(0x000000cf4ff00000,0x000000cf50000000)]
  0x000001dbfbb28000 JavaThread "jar transforms Thread 76" [_thread_blocked, id=18072, stack(0x000000cf4fe00000,0x000000cf4ff00000)]
  0x000001dbfbb27800 JavaThread "jar transforms Thread 75" [_thread_blocked, id=17696, stack(0x000000cf4fd00000,0x000000cf4fe00000)]
  0x000001dbfbb23800 JavaThread "jar transforms Thread 74" [_thread_blocked, id=9072, stack(0x000000cf4fc00000,0x000000cf4fd00000)]
  0x000001dbfbb26800 JavaThread "jar transforms Thread 73" [_thread_blocked, id=13168, stack(0x000000cf4fb00000,0x000000cf4fc00000)]
  0x000001dbfbb26000 JavaThread "jar transforms Thread 72" [_thread_blocked, id=13172, stack(0x000000cf4fa00000,0x000000cf4fb00000)]
  0x000001dbfbb25000 JavaThread "jar transforms Thread 71" [_thread_blocked, id=14016, stack(0x000000cf4f900000,0x000000cf4fa00000)]
  0x000001dbfcac6000 JavaThread "jar transforms Thread 70" [_thread_blocked, id=17064, stack(0x000000cf4f800000,0x000000cf4f900000)]
  0x000001dbfcac5000 JavaThread "jar transforms Thread 69" [_thread_blocked, id=6380, stack(0x000000cf4f700000,0x000000cf4f800000)]
  0x000001dbfcac9800 JavaThread "jar transforms Thread 68" [_thread_blocked, id=1268, stack(0x000000cf4f600000,0x000000cf4f700000)]
  0x000001dbfcac9000 JavaThread "jar transforms Thread 67" [_thread_blocked, id=2792, stack(0x000000cf4f500000,0x000000cf4f600000)]
  0x000001dbfcac8000 JavaThread "jar transforms Thread 66" [_thread_blocked, id=17244, stack(0x000000cf4f400000,0x000000cf4f500000)]
  0x000001dbfcac4800 JavaThread "jar transforms Thread 65" [_thread_blocked, id=10852, stack(0x000000cf4f300000,0x000000cf4f400000)]
  0x000001dbfcac7800 JavaThread "jar transforms Thread 64" [_thread_blocked, id=17700, stack(0x000000cf4f200000,0x000000cf4f300000)]
  0x000001dbfcac6800 JavaThread "jar transforms Thread 63" [_thread_blocked, id=17980, stack(0x000000cf4f100000,0x000000cf4f200000)]
  0x000001dbfcabd000 JavaThread "jar transforms Thread 62" [_thread_blocked, id=17740, stack(0x000000cf4f000000,0x000000cf4f100000)]
  0x000001dbfcabd800 JavaThread "jar transforms Thread 61" [_thread_blocked, id=3528, stack(0x000000cf4ef00000,0x000000cf4f000000)]
  0x000001dbfcac3800 JavaThread "jar transforms Thread 60" [_thread_blocked, id=9360, stack(0x000000cf4ee00000,0x000000cf4ef00000)]
  0x000001dbfcabc000 JavaThread "jar transforms Thread 59" [_thread_blocked, id=17824, stack(0x000000cf4ed00000,0x000000cf4ee00000)]
  0x000001dbfcac2000 JavaThread "jar transforms Thread 58" [_thread_blocked, id=14536, stack(0x000000cf4ec00000,0x000000cf4ed00000)]
  0x000001dbfcac1800 JavaThread "jar transforms Thread 57" [_thread_blocked, id=9520, stack(0x000000cf4eb00000,0x000000cf4ec00000)]
  0x000001dbfcac3000 JavaThread "jar transforms Thread 56" [_thread_blocked, id=15412, stack(0x000000cf4ea00000,0x000000cf4eb00000)]
  0x000001dbfcabe800 JavaThread "jar transforms Thread 55" [_thread_blocked, id=5344, stack(0x000000cf4e900000,0x000000cf4ea00000)]
  0x000001dbfcabb800 JavaThread "jar transforms Thread 54" [_thread_blocked, id=18012, stack(0x000000cf4e800000,0x000000cf4e900000)]
  0x000001dbfcabf000 JavaThread "jar transforms Thread 53" [_thread_blocked, id=9604, stack(0x000000cf4e700000,0x000000cf4e800000)]
  0x000001dbfcac0000 JavaThread "jar transforms Thread 52" [_thread_blocked, id=17992, stack(0x000000cf4e600000,0x000000cf4e700000)]
  0x000001dbfcaba800 JavaThread "jar transforms Thread 51" [_thread_blocked, id=916, stack(0x000000cf4e500000,0x000000cf4e600000)]
  0x000001dbfcac0800 JavaThread "jar transforms Thread 50" [_thread_blocked, id=8548, stack(0x000000cf4e400000,0x000000cf4e500000)]
  0x000001dbf8cb0800 JavaThread "jar transforms Thread 49" [_thread_blocked, id=12404, stack(0x000000cf4e300000,0x000000cf4e400000)]
  0x000001dbf8caf800 JavaThread "jar transforms Thread 48" [_thread_blocked, id=14608, stack(0x000000cf4e200000,0x000000cf4e300000)]
  0x000001dbf8cac800 JavaThread "jar transforms Thread 47" [_thread_blocked, id=15408, stack(0x000000cf4e100000,0x000000cf4e200000)]
  0x000001dbf8cae000 JavaThread "jar transforms Thread 46" [_thread_blocked, id=13068, stack(0x000000cf4e000000,0x000000cf4e100000)]
  0x000001dbf8caf000 JavaThread "jar transforms Thread 45" [_thread_blocked, id=11864, stack(0x000000cf4df00000,0x000000cf4e000000)]
  0x000001dbf8cac000 JavaThread "jar transforms Thread 44" [_thread_blocked, id=17712, stack(0x000000cf4de00000,0x000000cf4df00000)]
  0x000001dbf8cad800 JavaThread "jar transforms Thread 43" [_thread_blocked, id=17556, stack(0x000000cf4dd00000,0x000000cf4de00000)]
  0x000001dbf8ca4000 JavaThread "jar transforms Thread 42" [_thread_blocked, id=17948, stack(0x000000cf4dc00000,0x000000cf4dd00000)]
  0x000001dbf8cab000 JavaThread "jar transforms Thread 41" [_thread_blocked, id=2820, stack(0x000000cf4db00000,0x000000cf4dc00000)]
  0x000001dbf8ca3800 JavaThread "jar transforms Thread 40" [_thread_blocked, id=17236, stack(0x000000cf4da00000,0x000000cf4db00000)]
  0x000001dbf8caa800 JavaThread "jar transforms Thread 39" [_thread_blocked, id=16912, stack(0x000000cf4d900000,0x000000cf4da00000)]
  0x000001dbf8ca2800 JavaThread "jar transforms Thread 38" [_thread_blocked, id=13136, stack(0x000000cf4d800000,0x000000cf4d900000)]
  0x000001dbf8ca9800 JavaThread "jar transforms Thread 37" [_thread_blocked, id=10460, stack(0x000000cf4d700000,0x000000cf4d800000)]
  0x000001dbf8ca2000 JavaThread "jar transforms Thread 36" [_thread_blocked, id=12320, stack(0x000000cf4d600000,0x000000cf4d700000)]
  0x000001dbf8ca5000 JavaThread "jar transforms Thread 35" [_thread_blocked, id=17660, stack(0x000000cf4d500000,0x000000cf4d600000)]
  0x000001dbf8ca9000 JavaThread "jar transforms Thread 34" [_thread_blocked, id=732, stack(0x000000cf4d400000,0x000000cf4d500000)]
  0x000001dbf8ca1000 JavaThread "jar transforms Thread 33" [_thread_blocked, id=1276, stack(0x000000cf4d300000,0x000000cf4d400000)]
  0x000001dbf8ca8000 JavaThread "jar transforms Thread 32" [_thread_blocked, id=18340, stack(0x000000cf4d200000,0x000000cf4d300000)]
  0x000001dbf8ca7800 JavaThread "jar transforms Thread 31" [_thread_blocked, id=15952, stack(0x000000cf4d100000,0x000000cf4d200000)]
  0x000001dbf8ca6000 JavaThread "jar transforms Thread 30" [_thread_blocked, id=5936, stack(0x000000cf4d000000,0x000000cf4d100000)]
  0x000001dbf8ca6800 JavaThread "jar transforms Thread 29" [_thread_blocked, id=6868, stack(0x000000cf4cf00000,0x000000cf4d000000)]
  0x000001dbf90f7800 JavaThread "jar transforms Thread 28" [_thread_blocked, id=6952, stack(0x000000cf4ce00000,0x000000cf4cf00000)]
  0x000001dbf90fb800 JavaThread "jar transforms Thread 27" [_thread_blocked, id=16224, stack(0x000000cf4cd00000,0x000000cf4ce00000)]
  0x000001dbf90fa800 JavaThread "jar transforms Thread 26" [_thread_blocked, id=16492, stack(0x000000cf4cc00000,0x000000cf4cd00000)]
  0x000001dbf90f6800 JavaThread "jar transforms Thread 25" [_thread_blocked, id=13788, stack(0x000000cf4cb00000,0x000000cf4cc00000)]
  0x000001dbf90fa000 JavaThread "jar transforms Thread 24" [_thread_blocked, id=9632, stack(0x000000cf4ca00000,0x000000cf4cb00000)]
  0x000001dbf90f8800 JavaThread "jar transforms Thread 23" [_thread_blocked, id=10348, stack(0x000000cf4c900000,0x000000cf4ca00000)]
  0x000001dbf90f9000 JavaThread "jar transforms Thread 22" [_thread_blocked, id=18068, stack(0x000000cf4c800000,0x000000cf4c900000)]
  0x000001dbf90f6000 JavaThread "jar transforms Thread 21" [_thread_blocked, id=1728, stack(0x000000cf4c700000,0x000000cf4c800000)]
  0x000001dbf90ee800 JavaThread "jar transforms Thread 20" [_thread_blocked, id=3844, stack(0x000000cf4c600000,0x000000cf4c700000)]
  0x000001dbf90f5000 JavaThread "jar transforms Thread 19" [_thread_blocked, id=13048, stack(0x000000cf4c500000,0x000000cf4c600000)]
  0x000001dbf90ed800 JavaThread "jar transforms Thread 18" [_thread_blocked, id=3720, stack(0x000000cf4c400000,0x000000cf4c500000)]
  0x000001dbf90f4800 JavaThread "jar transforms Thread 17" [_thread_blocked, id=16488, stack(0x000000cf4c300000,0x000000cf4c400000)]
  0x000001dbf90f3800 JavaThread "jar transforms Thread 16" [_thread_blocked, id=1164, stack(0x000000cf4c200000,0x000000cf4c300000)]
  0x000001dbf90ec000 JavaThread "jar transforms Thread 15" [_thread_blocked, id=10948, stack(0x000000cf4c100000,0x000000cf4c200000)]
  0x000001dbf90f3000 JavaThread "jar transforms Thread 14" [_thread_blocked, id=9268, stack(0x000000cf4c000000,0x000000cf4c100000)]
  0x000001dbf90f2000 JavaThread "jar transforms Thread 13" [_thread_blocked, id=17720, stack(0x000000cf4bf00000,0x000000cf4c000000)]
  0x000001dbf90f1800 JavaThread "jar transforms Thread 12" [_thread_blocked, id=15716, stack(0x000000cf4be00000,0x000000cf4bf00000)]
  0x000001dbf90ef000 JavaThread "jar transforms Thread 11" [_thread_blocked, id=17188, stack(0x000000cf4bd00000,0x000000cf4be00000)]
  0x000001dbf90f0800 JavaThread "jar transforms Thread 10" [_thread_blocked, id=15396, stack(0x000000cf4bc00000,0x000000cf4bd00000)]
  0x000001dbf90ed000 JavaThread "jar transforms Thread 9" [_thread_blocked, id=2412, stack(0x000000cf4bb00000,0x000000cf4bc00000)]
  0x000001dbf90f0000 JavaThread "jar transforms Thread 8" [_thread_blocked, id=17892, stack(0x000000cf4ba00000,0x000000cf4bb00000)]
  0x000001dbf8909000 JavaThread "jar transforms Thread 7" [_thread_blocked, id=14024, stack(0x000000cf4b900000,0x000000cf4ba00000)]
  0x000001dbf8908000 JavaThread "jar transforms Thread 6" [_thread_blocked, id=1916, stack(0x000000cf4b800000,0x000000cf4b900000)]
  0x000001dbf890a800 JavaThread "jar transforms Thread 5" [_thread_blocked, id=14660, stack(0x000000cf4b700000,0x000000cf4b800000)]
  0x000001dbf890d800 JavaThread "jar transforms Thread 4" [_thread_blocked, id=18144, stack(0x000000cf4b600000,0x000000cf4b700000)]
  0x000001dbf8909800 JavaThread "jar transforms Thread 3" [_thread_blocked, id=17448, stack(0x000000cf4b500000,0x000000cf4b600000)]
  0x000001dbf890d000 JavaThread "jar transforms Thread 2" [_thread_blocked, id=11296, stack(0x000000cf4b400000,0x000000cf4b500000)]
  0x000001dbf8907800 JavaThread "Build operations Thread 12" [_thread_blocked, id=17216, stack(0x000000cf4b300000,0x000000cf4b400000)]
  0x000001dbf890c000 JavaThread "Build operations Thread 11" [_thread_blocked, id=13076, stack(0x000000cf4b200000,0x000000cf4b300000)]
  0x000001dbf8906800 JavaThread "Build operations Thread 10" [_thread_blocked, id=9496, stack(0x000000cf4b100000,0x000000cf4b200000)]
  0x000001dbf8904800 JavaThread "Build operations Thread 9" [_thread_blocked, id=12652, stack(0x000000cf4b000000,0x000000cf4b100000)]
  0x000001dbf8906000 JavaThread "Build operations Thread 8" [_thread_blocked, id=10856, stack(0x000000cf4af00000,0x000000cf4b000000)]
  0x000001dbf890b000 JavaThread "Build operations Thread 7" [_thread_blocked, id=6488, stack(0x000000cf4ae00000,0x000000cf4af00000)]
  0x000001dbf88fe800 JavaThread "Build operations Thread 6" [_thread_blocked, id=5440, stack(0x000000cf4ad00000,0x000000cf4ae00000)]
  0x000001dbf8905000 JavaThread "Build operations Thread 5" [_thread_blocked, id=720, stack(0x000000cf4ac00000,0x000000cf4ad00000)]
  0x000001dbf8903000 JavaThread "Build operations Thread 4" [_thread_blocked, id=14552, stack(0x000000cf4ab00000,0x000000cf4ac00000)]
  0x000001dbf8902000 JavaThread "Build operations Thread 3" [_thread_blocked, id=17120, stack(0x000000cf4aa00000,0x000000cf4ab00000)]
  0x000001dbf8900000 JavaThread "Build operations Thread 2" [_thread_blocked, id=6544, stack(0x000000cf4a900000,0x000000cf4aa00000)]
  0x000001dbf8900800 JavaThread "Build operations" [_thread_blocked, id=3548, stack(0x000000cf4a800000,0x000000cf4a900000)]
  0x000001dbf88ff000 JavaThread "Cache worker for Build Output Cleanup Cache (D:\react-native\typescript\android\.gradle\buildOutputCleanup)" [_thread_blocked, id=16872, stack(0x000000cf4a700000,0x000000cf4a800000)]
  0x000001dbf6d3b000 JavaThread "Cache worker for file content cache (C:\Users\Administrator\.gradle\caches\6.7\fileContent)" [_thread_blocked, id=17900, stack(0x000000cf4a600000,0x000000cf4a700000)]
  0x000001dbf6d3e000 JavaThread "jar transforms" [_thread_blocked, id=17612, stack(0x000000cf4a500000,0x000000cf4a600000)]
  0x000001dbf6d3d000 JavaThread "Cache worker for execution history cache (C:\Users\Administrator\.gradle\caches\6.7\executionHistory)" [_thread_blocked, id=17052, stack(0x000000cf4a400000,0x000000cf4a500000)]
  0x000001dbf6d3f800 JavaThread "Cache worker for cache directory md-rule (C:\Users\Administrator\.gradle\caches\6.7\md-rule)" [_thread_blocked, id=17148, stack(0x000000cf4a300000,0x000000cf4a400000)]
  0x000001dbf6d40800 JavaThread "Cache worker for cache directory md-supplier (C:\Users\Administrator\.gradle\caches\6.7\md-supplier)" [_thread_blocked, id=12624, stack(0x000000cf4a200000,0x000000cf4a300000)]
  0x000001dbf6d3e800 JavaThread "Cache worker for checksums cache (D:\react-native\typescript\android\.gradle\checksums)" [_thread_blocked, id=18168, stack(0x000000cf4a100000,0x000000cf4a200000)]
  0x000001dbf6d41000 JavaThread "Cache worker for file hash cache (D:\react-native\typescript\android\.gradle\6.7\fileHashes)" [_thread_blocked, id=16052, stack(0x000000cf4a000000,0x000000cf4a100000)]
  0x000001dbf6d3b800 JavaThread "Cache worker for journal cache (C:\Users\Administrator\.gradle\caches\journal-1)" [_thread_blocked, id=17820, stack(0x000000cf49f00000,0x000000cf4a000000)]
  0x000001dbf6d3a000 JavaThread "File lock request listener" [_thread_in_native, id=11116, stack(0x000000cf49e00000,0x000000cf49f00000)]
  0x000001dbf6d3c800 JavaThread "Cache worker for file hash cache (C:\Users\Administrator\.gradle\caches\6.7\fileHashes)" [_thread_blocked, id=18220, stack(0x000000cf49d00000,0x000000cf49e00000)]
  0x000001dbf85e8800 JavaThread "Thread-9" [_thread_blocked, id=7840, stack(0x000000cf49c00000,0x000000cf49d00000)]
  0x000001dbf85e6800 JavaThread "Stdin handler" [_thread_blocked, id=10780, stack(0x000000cf49b00000,0x000000cf49c00000)]
  0x000001dbf8605800 JavaThread "Asynchronous log dispatcher for DefaultDaemonConnection: socket connection from /127.0.0.1:58718 to /127.0.0.1:58719" [_thread_blocked, id=3812, stack(0x000000cf49a00000,0x000000cf49b00000)]
  0x000001dbf85e1800 JavaThread "Daemon worker" [_thread_blocked, id=17292, stack(0x000000cf49900000,0x000000cf49a00000)]
  0x000001dbf85dc000 JavaThread "Cancel handler" [_thread_blocked, id=17560, stack(0x000000cf49800000,0x000000cf49900000)]
  0x000001dbf856f800 JavaThread "Handler for socket connection from /127.0.0.1:58718 to /127.0.0.1:58719" [_thread_in_native, id=4880, stack(0x000000cf49700000,0x000000cf49800000)]
  0x000001dbf856e800 JavaThread "Daemon" [_thread_blocked, id=16064, stack(0x000000cf49600000,0x000000cf49700000)]
  0x000001dbf8620800 JavaThread "Daemon periodic checks" [_thread_blocked, id=4552, stack(0x000000cf49500000,0x000000cf49600000)]
  0x000001dbf8616000 JavaThread "Incoming local TCP Connector on port 58718" [_thread_in_native, id=14464, stack(0x000000cf49400000,0x000000cf49500000)]
  0x000001dbf82c4000 JavaThread "Daemon health stats" [_thread_blocked, id=18384, stack(0x000000cf49100000,0x000000cf49200000)]
  0x000001dbf43ce000 JavaThread "Service Thread" daemon [_thread_blocked, id=17540, stack(0x000000cf48f00000,0x000000cf49000000)]
  0x000001dbf43c5000 JavaThread "C1 CompilerThread3" daemon [_thread_blocked, id=16452, stack(0x000000cf48e00000,0x000000cf48f00000)]
  0x000001dbf43c0800 JavaThread "C2 CompilerThread2" daemon [_thread_in_native, id=6340, stack(0x000000cf48d00000,0x000000cf48e00000)]
  0x000001dbf43a9000 JavaThread "C2 CompilerThread1" daemon [_thread_blocked, id=10628, stack(0x000000cf48c00000,0x000000cf48d00000)]
=>0x000001dbf43a7000 JavaThread "C2 CompilerThread0" daemon [_thread_in_native, id=13320, stack(0x000000cf48b00000,0x000000cf48c00000)]
  0x000001dbf67b2800 JavaThread "Attach Listener" daemon [_thread_blocked, id=18408, stack(0x000000cf48a00000,0x000000cf48b00000)]
  0x000001dbf4391800 JavaThread "Signal Dispatcher" daemon [_thread_blocked, id=10264, stack(0x000000cf48900000,0x000000cf48a00000)]
  0x000001dbf4372800 JavaThread "Finalizer" daemon [_thread_blocked, id=13712, stack(0x000000cf48800000,0x000000cf48900000)]
  0x000001dbf4361800 JavaThread "Reference Handler" daemon [_thread_blocked, id=9588, stack(0x000000cf48700000,0x000000cf48800000)]
  0x000001dbe18fd800 JavaThread "main" [_thread_blocked, id=8836, stack(0x000000cf47b00000,0x000000cf47c00000)]

Other Threads:
  0x000001dbf433a000 VMThread [stack: 0x000000cf48600000,0x000000cf48700000] [id=1620]
  0x000001dbf6855000 WatcherThread [stack: 0x000000cf49000000,0x000000cf49100000] [id=8372]

VM state:at safepoint (normal execution)

VM Mutex/Monitor currently owned by a thread:  ([mutex/lock_event])
[0x000001dbe18f3720] Threads_lock - owner thread: 0x000001dbf433a000
[0x000001dbe18fcc80] Heap_lock - owner thread: 0x000001dbf85e1800

heap address: 0x00000000e0000000, size: 512 MB, Compressed Oops mode: 32-bit
Narrow klass base: 0x0000000000000000, Narrow klass shift: 3
Compressed class space size: 1073741824 Address: 0x0000000100000000

Heap:
 PSYoungGen      total 162304K, used 9810K [0x00000000f5580000, 0x0000000100000000, 0x0000000100000000)
  eden space 150016K, 0% used [0x00000000f5580000,0x00000000f5580000,0x00000000fe800000)
  from space 12288K, 79% used [0x00000000fe800000,0x00000000ff194908,0x00000000ff400000)
  to   space 12288K, 0% used [0x00000000ff400000,0x00000000ff400000,0x0000000100000000)
 ParOldGen       total 175104K, used 16000K [0x00000000e0000000, 0x00000000eab00000, 0x00000000f5580000)
  object space 175104K, 9% used [0x00000000e0000000,0x00000000e0fa0028,0x00000000eab00000)
 Metaspace       used 43988K, capacity 45868K, committed 45952K, reserved 1093632K
  class space    used 6081K, capacity 6517K, committed 6528K, reserved 1048576K

Card table byte_map: [0x000001dbe1a90000,0x000001dbe1ba0000] byte_map_base: 0x000001dbe1390000

Marking Bits: (ParMarkBitMap*) 0x000000006f577fe0
 Begin Bits: [0x000001dbf27d0000, 0x000001dbf2fd0000)
 End Bits:   [0x000001dbf2fd0000, 0x000001dbf37d0000)

Polling page: 0x000001dbe1a60000

CodeCache: size=245760Kb used=12859Kb max_used=12859Kb free=232900Kb
 bounds [0x000001dbe3360000, 0x000001dbe4000000, 0x000001dbf2360000]
 total_blobs=4546 nmethods=3794 adapters=665
 compilation: enabled

Compilation events (10 events):
Event: 11.468 Thread 0x000001dbf43c5000 4099   !   3       java.lang.reflect.Proxy::newProxyInstance (174 bytes)
Event: 11.470 Thread 0x000001dbf43c5000 nmethod 4099 0x000001dbe3fedcd0 code [0x000001dbe3fee020, 0x000001dbe3fef7a0]
Event: 11.470 Thread 0x000001dbf43c5000 4100       3       java.lang.reflect.Proxy::getProxyClass0 (29 bytes)
Event: 11.471 Thread 0x000001dbf43c5000 nmethod 4100 0x000001dbe3fe8290 code [0x000001dbe3fe8420, 0x000001dbe3fe8800]
Event: 11.471 Thread 0x000001dbf43c5000 4102       3       java.lang.reflect.WeakCache$CacheKey::valueOf (20 bytes)
Event: 11.471 Thread 0x000001dbf43c5000 nmethod 4102 0x000001dbe3fe7a90 code [0x000001dbe3fe7c20, 0x000001dbe3fe8090]
Event: 11.471 Thread 0x000001dbf43c5000 4103       3       java.lang.reflect.Proxy$KeyFactory::apply (13 bytes)
Event: 11.471 Thread 0x000001dbf43c5000 nmethod 4103 0x000001dbe3ff0590 code [0x000001dbe3ff0700, 0x000001dbe3ff0af0]
Event: 11.472 Thread 0x000001dbf43c5000 4104       3       java.lang.reflect.Proxy$KeyFactory::apply (66 bytes)
Event: 11.472 Thread 0x000001dbf43c5000 nmethod 4104 0x000001dbe3ff0bd0 code [0x000001dbe3ff0da0, 0x000001dbe3ff13a0]

GC Heap History (10 events):
Event: 5.901 GC heap before
{Heap before GC invocations=6 (full 1):
 PSYoungGen      total 76288K, used 65536K [0x00000000f5580000, 0x00000000fea80000, 0x0000000100000000)
  eden space 65536K, 100% used [0x00000000f5580000,0x00000000f9580000,0x00000000f9580000)
  from space 10752K, 0% used [0x00000000fa000000,0x00000000fa000000,0x00000000faa80000)
  to   space 10752K, 0% used [0x00000000f9580000,0x00000000f9580000,0x00000000fa000000)
 ParOldGen       total 175104K, used 8551K [0x00000000e0000000, 0x00000000eab00000, 0x00000000f5580000)
  object space 175104K, 4% used [0x00000000e0000000,0x00000000e0859c58,0x00000000eab00000)
 Metaspace       used 28649K, capacity 29642K, committed 29824K, reserved 1075200K
  class space    used 4118K, capacity 4384K, committed 4480K, reserved 1048576K
Event: 5.910 GC heap after
Heap after GC invocations=6 (full 1):
 PSYoungGen      total 76288K, used 8530K [0x00000000f5580000, 0x00000000fd200000, 0x0000000100000000)
  eden space 65536K, 0% used [0x00000000f5580000,0x00000000f5580000,0x00000000f9580000)
  from space 10752K, 79% used [0x00000000f9580000,0x00000000f9dd4a58,0x00000000fa000000)
  to   space 12288K, 0% used [0x00000000fc600000,0x00000000fc600000,0x00000000fd200000)
 ParOldGen       total 175104K, used 8559K [0x00000000e0000000, 0x00000000eab00000, 0x00000000f5580000)
  object space 175104K, 4% used [0x00000000e0000000,0x00000000e085bc58,0x00000000eab00000)
 Metaspace       used 28649K, capacity 29642K, committed 29824K, reserved 1075200K
  class space    used 4118K, capacity 4384K, committed 4480K, reserved 1048576K
}
Event: 9.011 GC heap before
{Heap before GC invocations=7 (full 1):
 PSYoungGen      total 76288K, used 74066K [0x00000000f5580000, 0x00000000fd200000, 0x0000000100000000)
  eden space 65536K, 100% used [0x00000000f5580000,0x00000000f9580000,0x00000000f9580000)
  from space 10752K, 79% used [0x00000000f9580000,0x00000000f9dd4a58,0x00000000fa000000)
  to   space 12288K, 0% used [0x00000000fc600000,0x00000000fc600000,0x00000000fd200000)
 ParOldGen       total 175104K, used 8559K [0x00000000e0000000, 0x00000000eab00000, 0x00000000f5580000)
  object space 175104K, 4% used [0x00000000e0000000,0x00000000e085bc58,0x00000000eab00000)
 Metaspace       used 32826K, capacity 33888K, committed 34176K, reserved 1079296K
  class space    used 4642K, capacity 4885K, committed 4992K, reserved 1048576K
Event: 9.029 GC heap after
Heap after GC invocations=7 (full 1):
 PSYoungGen      total 110592K, used 9747K [0x00000000f5580000, 0x00000000fd000000, 0x0000000100000000)
  eden space 100352K, 0% used [0x00000000f5580000,0x00000000f5580000,0x00000000fb780000)
  from space 10240K, 95% used [0x00000000fc600000,0x00000000fcf84d38,0x00000000fd000000)
  to   space 12288K, 0% used [0x00000000fb800000,0x00000000fb800000,0x00000000fc400000)
 ParOldGen       total 175104K, used 8567K [0x00000000e0000000, 0x00000000eab00000, 0x00000000f5580000)
  object space 175104K, 4% used [0x00000000e0000000,0x00000000e085dc58,0x00000000eab00000)
 Metaspace       used 32826K, capacity 33888K, committed 34176K, reserved 1079296K
  class space    used 4642K, capacity 4885K, committed 4992K, reserved 1048576K
}
Event: 9.340 GC heap before
{Heap before GC invocations=8 (full 1):
 PSYoungGen      total 110592K, used 39516K [0x00000000f5580000, 0x00000000fd000000, 0x0000000100000000)
  eden space 100352K, 29% used [0x00000000f5580000,0x00000000f7292460,0x00000000fb780000)
  from space 10240K, 95% used [0x00000000fc600000,0x00000000fcf84d38,0x00000000fd000000)
  to   space 12288K, 0% used [0x00000000fb800000,0x00000000fb800000,0x00000000fc400000)
 ParOldGen       total 175104K, used 8567K [0x00000000e0000000, 0x00000000eab00000, 0x00000000f5580000)
  object space 175104K, 4% used [0x00000000e0000000,0x00000000e085dc58,0x00000000eab00000)
 Metaspace       used 34246K, capacity 35428K, committed 35496K, reserved 1079296K
  class space    used 4781K, capacity 5070K, committed 5120K, reserved 1048576K
Event: 9.351 GC heap after
Heap after GC invocations=8 (full 1):
 PSYoungGen      total 113152K, used 8974K [0x00000000f5580000, 0x0000000100000000, 0x0000000100000000)
  eden space 100864K, 0% used [0x00000000f5580000,0x00000000f5580000,0x00000000fb800000)
  from space 12288K, 73% used [0x00000000fb800000,0x00000000fc0c3878,0x00000000fc400000)
  to   space 11776K, 0% used [0x00000000ff480000,0x00000000ff480000,0x0000000100000000)
 ParOldGen       total 175104K, used 8575K [0x00000000e0000000, 0x00000000eab00000, 0x00000000f5580000)
  object space 175104K, 4% used [0x00000000e0000000,0x00000000e085fc58,0x00000000eab00000)
 Metaspace       used 34246K, capacity 35428K, committed 35496K, reserved 1079296K
  class space    used 4781K, capacity 5070K, committed 5120K, reserved 1048576K
}
Event: 9.351 GC heap before
{Heap before GC invocations=9 (full 2):
 PSYoungGen      total 113152K, used 8974K [0x00000000f5580000, 0x0000000100000000, 0x0000000100000000)
  eden space 100864K, 0% used [0x00000000f5580000,0x00000000f5580000,0x00000000fb800000)
  from space 12288K, 73% used [0x00000000fb800000,0x00000000fc0c3878,0x00000000fc400000)
  to   space 11776K, 0% used [0x00000000ff480000,0x00000000ff480000,0x0000000100000000)
 ParOldGen       total 175104K, used 8575K [0x00000000e0000000, 0x00000000eab00000, 0x00000000f5580000)
  object space 175104K, 4% used [0x00000000e0000000,0x00000000e085fc58,0x00000000eab00000)
 Metaspace       used 34246K, capacity 35428K, committed 35496K, reserved 1079296K
  class space    used 4781K, capacity 5070K, committed 5120K, reserved 1048576K
Event: 9.426 GC heap after
Heap after GC invocations=9 (full 2):
 PSYoungGen      total 113152K, used 0K [0x00000000f5580000, 0x0000000100000000, 0x0000000100000000)
  eden space 100864K, 0% used [0x00000000f5580000,0x00000000f5580000,0x00000000fb800000)
  from space 12288K, 0% used [0x00000000fb800000,0x00000000fb800000,0x00000000fc400000)
  to   space 11776K, 0% used [0x00000000ff480000,0x00000000ff480000,0x0000000100000000)
 ParOldGen       total 175104K, used 15984K [0x00000000e0000000, 0x00000000eab00000, 0x00000000f5580000)
  object space 175104K, 9% used [0x00000000e0000000,0x00000000e0f9c028,0x00000000eab00000)
 Metaspace       used 34246K, capacity 35428K, committed 35496K, reserved 1079296K
  class space    used 4781K, capacity 5070K, committed 5120K, reserved 1048576K
}
Event: 10.475 GC heap before
{Heap before GC invocations=10 (full 2):
 PSYoungGen      total 113152K, used 100864K [0x00000000f5580000, 0x0000000100000000, 0x0000000100000000)
  eden space 100864K, 100% used [0x00000000f5580000,0x00000000fb800000,0x00000000fb800000)
  from space 12288K, 0% used [0x00000000fb800000,0x00000000fb800000,0x00000000fc400000)
  to   space 11776K, 0% used [0x00000000ff480000,0x00000000ff480000,0x0000000100000000)
 ParOldGen       total 175104K, used 15984K [0x00000000e0000000, 0x00000000eab00000, 0x00000000f5580000)
  object space 175104K, 9% used [0x00000000e0000000,0x00000000e0f9c028,0x00000000eab00000)
 Metaspace       used 37627K, capacity 39330K, committed 39552K, reserved 1083392K
  class space    used 5274K, capacity 5653K, committed 5760K, reserved 1048576K
Event: 10.483 GC heap after
Heap after GC invocations=10 (full 2):
 PSYoungGen      total 161792K, used 5566K [0x00000000f5580000, 0x0000000100000000, 0x0000000100000000)
  eden space 150016K, 0% used [0x00000000f5580000,0x00000000f5580000,0x00000000fe800000)
  from space 11776K, 47% used [0x00000000ff480000,0x00000000ff9efac0,0x0000000100000000)
  to   space 12288K, 0% used [0x00000000fe800000,0x00000000fe800000,0x00000000ff400000)
 ParOldGen       total 175104K, used 15992K [0x00000000e0000000, 0x00000000eab00000, 0x00000000f5580000)
  object space 175104K, 9% used [0x00000000e0000000,0x00000000e0f9e028,0x00000000eab00000)
 Metaspace       used 37627K, capacity 39330K, committed 39552K, reserved 1083392K
  class space    used 5274K, capacity 5653K, committed 5760K, reserved 1048576K
}

Deoptimization events (10 events):
Event: 10.662 Thread 0x000001dbf85e1800 Uncommon trap: reason=bimorphic action=maybe_recompile pc=0x000001dbe397e720 method=java.lang.ClassLoader.getPackage(Ljava/lang/String;)Ljava/lang/Package; @ 47
Event: 10.662 Thread 0x000001dbf85e1800 Uncommon trap: reason=bimorphic action=maybe_recompile pc=0x000001dbe397e720 method=java.lang.ClassLoader.getPackage(Ljava/lang/String;)Ljava/lang/Package; @ 47
Event: 10.662 Thread 0x000001dbf85e1800 Uncommon trap: reason=bimorphic action=maybe_recompile pc=0x000001dbe397e720 method=java.lang.ClassLoader.getPackage(Ljava/lang/String;)Ljava/lang/Package; @ 47
Event: 10.662 Thread 0x000001dbf85e1800 Uncommon trap: reason=bimorphic action=maybe_recompile pc=0x000001dbe397e720 method=java.lang.ClassLoader.getPackage(Ljava/lang/String;)Ljava/lang/Package; @ 47
Event: 10.879 Thread 0x000001dbf85e1800 Uncommon trap: reason=class_check action=maybe_recompile pc=0x000001dbe3b2c258 method=java.io.BufferedInputStream.read1([BII)I @ 39
Event: 10.879 Thread 0x000001dbf85e1800 Uncommon trap: reason=class_check action=maybe_recompile pc=0x000001dbe3b2c258 method=java.io.BufferedInputStream.read1([BII)I @ 39
Event: 10.879 Thread 0x000001dbf85e1800 Uncommon trap: reason=class_check action=maybe_recompile pc=0x000001dbe3b2c258 method=java.io.BufferedInputStream.read1([BII)I @ 39
Event: 11.242 Thread 0x000001dbf85e1800 Uncommon trap: reason=unstable_if action=reinterpret pc=0x000001dbe3d70914 method=org.objectweb.asm.ByteVector.putUTF8(Ljava/lang/String;)Lorg/objectweb/asm/ByteVector; @ 93
Event: 11.255 Thread 0x000001dbf85e1800 Uncommon trap: reason=unstable_if action=reinterpret pc=0x000001dbe3a4d1d0 method=org.objectweb.asm.ByteVector.putUTF8(Ljava/lang/String;)Lorg/objectweb/asm/ByteVector; @ 93
Event: 11.283 Thread 0x000001dbf85e1800 Uncommon trap: reason=predicate action=maybe_recompile pc=0x000001dbe3d15290 method=java.util.Arrays.binarySearch0([Ljava/lang/Object;IILjava/lang/Object;Ljava/util/Comparator;)I @ 28

Classes redefined (0 events):
No events

Internal exceptions (10 events):
Event: 10.596 Thread 0x000001dbf85e1800 Exception <a 'java/lang/ClassNotFoundException': org/gradle/api/internal/artifacts/repositories/AbstractAuthenticationSupportedRepositoryBeanInfo> (0x00000000f5c455e8) thrown at [C:\jenkins\workspace\8-2-build-windows-amd64-cygwin\jdk8u291\1294\hotspot\sr
Event: 10.597 Thread 0x000001dbf85e1800 Exception <a 'java/lang/ClassNotFoundException': org/gradle/api/internal/artifacts/repositories/AbstractResolutionAwareArtifactRepositoryBeanInfo> (0x00000000f5cc0420) thrown at [C:\jenkins\workspace\8-2-build-windows-amd64-cygwin\jdk8u291\1294\hotspot\sr
Event: 10.599 Thread 0x000001dbf85e1800 Exception <a 'java/lang/ClassNotFoundException': org/gradle/api/internal/artifacts/repositories/AbstractArtifactRepositoryBeanInfo> (0x00000000f5d2c9c8) thrown at [C:\jenkins\workspace\8-2-build-windows-amd64-cygwin\jdk8u291\1294\hotspot\src\share\vm\clas
Event: 10.600 Thread 0x000001dbf85e1800 Exception <a 'java/lang/ClassNotFoundException': org/gradle/api/internal/artifacts/repositories/AbstractArtifactRepositoryCustomizer> (0x00000000f5d9cac0) thrown at [C:\jenkins\workspace\8-2-build-windows-amd64-cygwin\jdk8u291\1294\hotspot\src\share\vm\cl
Event: 10.603 Thread 0x000001dbf85e1800 Exception <a 'java/lang/ClassNotFoundException': org/gradle/api/internal/artifacts/repositories/AbstractResolutionAwareArtifactRepositoryCustomizer> (0x00000000f5e3aa58) thrown at [C:\jenkins\workspace\8-2-build-windows-amd64-cygwin\jdk8u291\1294\hotspot\
Event: 10.605 Thread 0x000001dbf85e1800 Exception <a 'java/lang/ClassNotFoundException': org/gradle/api/internal/artifacts/repositories/AbstractAuthenticationSupportedRepositoryCustomizer> (0x00000000f5ebf898) thrown at [C:\jenkins\workspace\8-2-build-windows-amd64-cygwin\jdk8u291\1294\hotspot\
Event: 10.608 Thread 0x000001dbf85e1800 Exception <a 'java/lang/ClassNotFoundException': org/gradle/api/internal/artifacts/repositories/DefaultMavenArtifactRepositoryCustomizer> (0x00000000f5f47ff8) thrown at [C:\jenkins\workspace\8-2-build-windows-amd64-cygwin\jdk8u291\1294\hotspot\src\share\v
Event: 10.611 Thread 0x000001dbf85e1800 Exception <a 'java/lang/ClassNotFoundException': org/gradle/api/internal/artifacts/repositories/DefaultMavenArtifactRepository_DecoratedCustomizer> (0x00000000f5fe38e8) thrown at [C:\jenkins\workspace\8-2-build-windows-amd64-cygwin\jdk8u291\1294\hotspot\s
Event: 10.655 Thread 0x000001dbf85e1800 Exception <a 'java/lang/ClassNotFoundException': build_6lkgu1jl5ksxupat00qepru0BeanInfo> (0x00000000f618a6a0) thrown at [C:\jenkins\workspace\8-2-build-windows-amd64-cygwin\jdk8u291\1294\hotspot\src\share\vm\classfile\systemDictionary.cpp, line 212]
Event: 10.656 Thread 0x000001dbf85e1800 Exception <a 'java/lang/ClassNotFoundException': build_6lkgu1jl5ksxupat00qepru0Customizer> (0x00000000f6196e90) thrown at [C:\jenkins\workspace\8-2-build-windows-amd64-cygwin\jdk8u291\1294\hotspot\src\share\vm\classfile\systemDictionary.cpp, line 212]

Events (10 events):
Event: 11.470 loading class com/google/common/collect/ListMultimap
Event: 11.470 loading class com/google/common/collect/ListMultimap done
Event: 11.470 loading class com/google/common/collect/Multimap
Event: 11.470 loading class com/google/common/collect/Multimap done
Event: 11.471 loading class com/android/builder/model/level2/DependencyGraphs
Event: 11.471 loading class com/android/builder/model/level2/DependencyGraphs done
Event: 11.471 loading class com/android/builder/model/Dependencies
Event: 11.471 loading class com/android/builder/model/Dependencies done
Event: 11.472 loading class com/google/common/collect/ArrayListMultimap
Event: 11.472 loading class com/google/common/collect/ArrayListMultimap done


Dynamic libraries:
0x00007ff6b9ca0000 - 0x00007ff6b9ce7000 	C:\Program Files\Java\jdk1.8.0_291\bin\java.exe
0x00007ffac1e20000 - 0x00007ffac2010000 	C:\Windows\SYSTEM32\ntdll.dll
0x00007ffac0100000 - 0x00007ffac01b2000 	C:\Windows\System32\KERNEL32.DLL
0x00007ffabf0c0000 - 0x00007ffabf364000 	C:\Windows\System32\KERNELBASE.dll
0x00007ffac12b0000 - 0x00007ffac1353000 	C:\Windows\System32\ADVAPI32.DLL
0x00007ffac02b0000 - 0x00007ffac034e000 	C:\Windows\System32\msvcrt.dll
0x00007ffac16d0000 - 0x00007ffac1767000 	C:\Windows\System32\sechost.dll
0x00007ffac1770000 - 0x00007ffac1890000 	C:\Windows\System32\RPCRT4.dll
0x00007ffac13c0000 - 0x00007ffac1554000 	C:\Windows\System32\USER32.dll
0x00007ffabf3c0000 - 0x00007ffabf3e1000 	C:\Windows\System32\win32u.dll
0x00007ffac0b10000 - 0x00007ffac0b36000 	C:\Windows\System32\GDI32.dll
0x00007ffabef20000 - 0x00007ffabf0b5000 	C:\Windows\System32\gdi32full.dll
0x00007ffabedd0000 - 0x00007ffabee6e000 	C:\Windows\System32\msvcp_win.dll
0x00007ffabfd70000 - 0x00007ffabfe6a000 	C:\Windows\System32\ucrtbase.dll
0x00007ffab5760000 - 0x00007ffab59e4000 	C:\Windows\WinSxS\amd64_microsoft.windows.common-controls_6595b64144ccf1df_6.0.18362.900_none_e6beb9d913147d17\COMCTL32.dll
0x00007ffac19d0000 - 0x00007ffac1d05000 	C:\Windows\System32\combase.dll
0x00007ffabeea0000 - 0x00007ffabef20000 	C:\Windows\System32\bcryptPrimitives.dll
0x00007ffabfed0000 - 0x00007ffabfefe000 	C:\Windows\System32\IMM32.DLL
0x00007ffaab400000 - 0x00007ffaab415000 	C:\Program Files\Java\jdk1.8.0_291\jre\bin\vcruntime140.dll
0x00007ffa87eb0000 - 0x00007ffa87f4b000 	C:\Program Files\Java\jdk1.8.0_291\jre\bin\msvcp140.dll
0x000000006ed90000 - 0x000000006f5f0000 	C:\Program Files\Java\jdk1.8.0_291\jre\bin\server\jvm.dll
0x00007ffac16c0000 - 0x00007ffac16c8000 	C:\Windows\System32\PSAPI.DLL
0x00007ffabb5f0000 - 0x00007ffabb614000 	C:\Windows\SYSTEM32\WINMM.dll
0x00007ffab9c60000 - 0x00007ffab9c6a000 	C:\Windows\SYSTEM32\VERSION.dll
0x00007ffa95730000 - 0x00007ffa95739000 	C:\Windows\SYSTEM32\WSOCK32.dll
0x00007ffac0fc0000 - 0x00007ffac102f000 	C:\Windows\System32\WS2_32.dll
0x00007ffabb3a0000 - 0x00007ffabb3cd000 	C:\Windows\SYSTEM32\winmmbase.dll
0x00007ffabf370000 - 0x00007ffabf3ba000 	C:\Windows\System32\cfgmgr32.dll
0x00007ffabed20000 - 0x00007ffabed31000 	C:\Windows\System32\kernel.appcore.dll
0x00007ffaab3b0000 - 0x00007ffaab3c0000 	C:\Program Files\Java\jdk1.8.0_291\jre\bin\verify.dll
0x00007ffaa1780000 - 0x00007ffaa17ab000 	C:\Program Files\Java\jdk1.8.0_291\jre\bin\java.dll
0x00007ffaa70d0000 - 0x00007ffaa70e8000 	C:\Program Files\Java\jdk1.8.0_291\jre\bin\zip.dll
0x00007ffac0350000 - 0x00007ffac0a36000 	C:\Windows\System32\SHELL32.dll
0x00007ffac11e0000 - 0x00007ffac1289000 	C:\Windows\System32\shcore.dll
0x00007ffabf3f0000 - 0x00007ffabfb70000 	C:\Windows\System32\windows.storage.dll
0x00007ffabecf0000 - 0x00007ffabed13000 	C:\Windows\System32\profapi.dll
0x00007ffabed60000 - 0x00007ffabedaa000 	C:\Windows\System32\powrprof.dll
0x00007ffabece0000 - 0x00007ffabecf0000 	C:\Windows\System32\UMPDC.dll
0x00007ffac1910000 - 0x00007ffac1962000 	C:\Windows\System32\shlwapi.dll
0x00007ffabedb0000 - 0x00007ffabedc7000 	C:\Windows\System32\cryptsp.dll
0x00007ffaa3490000 - 0x00007ffaa34ac000 	C:\Program Files\Java\jdk1.8.0_291\jre\bin\net.dll
0x00007ffabe550000 - 0x00007ffabe5b7000 	C:\Windows\system32\mswsock.dll
0x00007ffaa0e20000 - 0x00007ffaa0e33000 	C:\Program Files\Java\jdk1.8.0_291\jre\bin\nio.dll
0x00007ffaa34b0000 - 0x00007ffaa34d6000 	C:\Users\Administrator\.gradle\native\fdc75f09e3144964f2cf3f50f0aa648679c211496f362492102eb8c894070792\windows-amd64\native-platform.dll
0x00007ffa7ea30000 - 0x00007ffa7ebc1000 	C:\Users\Administrator\.gradle\native\12488b8bf47d2d4c9fbf2f6322a914ad602e24e48041cd04a747c6da556b65c4\windows-amd64\native-platform-file-events.dll
0x00007ffaaae70000 - 0x00007ffaaae7d000 	C:\Program Files\Java\jdk1.8.0_291\jre\bin\management.dll
0x00007ffabe0c0000 - 0x00007ffabe0f3000 	C:\Windows\system32\rsaenh.dll
0x00007ffabee70000 - 0x00007ffabee96000 	C:\Windows\System32\bcrypt.dll
0x00007ffabebd0000 - 0x00007ffabebf5000 	C:\Windows\SYSTEM32\USERENV.dll
0x00007ffabe720000 - 0x00007ffabe72c000 	C:\Windows\SYSTEM32\CRYPTBASE.dll
0x00007ffabe260000 - 0x00007ffabe29a000 	C:\Windows\SYSTEM32\IPHLPAPI.DLL
0x00007ffabff00000 - 0x00007ffabff08000 	C:\Windows\System32\NSI.dll
0x00007ffaba8e0000 - 0x00007ffaba8f6000 	C:\Windows\SYSTEM32\dhcpcsvc6.DLL
0x00007ffab9d90000 - 0x00007ffab9dac000 	C:\Windows\SYSTEM32\dhcpcsvc.DLL
0x00007ffabe2a0000 - 0x00007ffabe36b000 	C:\Windows\SYSTEM32\DNSAPI.dll
0x00007ffabada0000 - 0x00007ffabadab000 	C:\Windows\SYSTEM32\WINNSI.DLL
0x00007ffaad6f0000 - 0x00007ffaad8e4000 	C:\Windows\SYSTEM32\dbghelp.dll

VM Arguments:
jvm_args: -XX:MaxMetaspaceSize=256m -XX:+HeapDumpOnOutOfMemoryError -Xms256m -Xmx512m -Dfile.encoding=GBK -Duser.country=CN -Duser.language=zh -Duser.variant 
java_command: org.gradle.launcher.daemon.bootstrap.GradleDaemon 6.7
java_class_path (initial): C:\Users\Administrator\.gradle\wrapper\dists\gradle-6.7-all\alb6slj2h93mmduw2aeq6o0mr\gradle-6.7\lib\gradle-launcher-6.7.jar
Launcher Type: SUN_STANDARD

Environment Variables:
CLASSPATH=D:\react-native\typescript\android\\gradle\wrapper\gradle-wrapper.jar
PATH=D:\react-native\typescript\android\node_modules\.bin;D:\react-native\typescript\node_modules\.bin;D:\react-native\node_modules\.bin;D:\node_modules\.bin;E:\node;E:\node\node_modules\npm\node_modules\npm-lifecycle\node-gyp-bin;D:\react-native\typescript\node_modules\.bin;C:\Program Files (x86)\Common Files\Oracle\Java\javapath;C:\Program Files (x86)\NVIDIA Corporation\PhysX\Common;C:\Windows\system32;C:\Windows;C:\Windows\System32\Wbem;C:\Windows\System32\WindowsPowerShell\v1.0\;C:\Windows\System32\OpenSSH\;E:\Git\cmd;E:\node\;C:\Program Files\Go\bin;C:\Users\Administrator\AppData\Local\Microsoft\WindowsApps;C:\Users\Administrator\AppData\Local\Programs\Microsoft VS Code\bin;C:\Users\Administrator\AppData\Roaming\npm;C:\Users\Administrator\go\bin;C:\Program Files\Go\bin;E:\redis;E:\mysql-8.0.24-winx64\bin;E:\mongoDB\bin;C:\Users\Administrator\AppData\Local\Android\Sdk\platform-tools;C:\Users\Administrator\AppData\Local\Android\Sdk\emulator;C:\Users\Administrator\AppData\Local\Android\Sdk\tools;C:\Users\Administrator\AppData\Local\Android\Sdk\tools\bin;
USERNAME=Administrator
OS=Windows_NT
PROCESSOR_IDENTIFIER=Intel64 Family 6 Model 44 Stepping 2, GenuineIntel



---------------  S Y S T E M  ---------------

OS: Windows 10.0 , 64 bit Build 18362 (10.0.18362.900)

CPU:total 12 (initial active 12) (6 cores per cpu, 2 threads per core) family 6 model 44 stepping 2, cmov, cx8, fxsr, mmx, sse, sse2, sse3, ssse3, sse4.1, sse4.2, popcnt, aes, clmul, ht, tsc, tscinvbit, tscinv

Memory: 4k page, physical 16768240k(6953276k free), swap 16768240k(4776k free)

vm_info: Java HotSpot(TM) 64-Bit Server VM (25.291-b10) for windows-amd64 JRE (1.8.0_291-b10), built on Apr  9 2021 00:02:00 by "java_re" with MS VC++ 15.9 (VS2017)

time: Wed May  5 16:33:34 2021
timezone: ?D1¨²¡À¨º¡Á?¨º¡À??
elapsed time: 11.536738 seconds (0d 0h 0m 11s)

